#
# A fatal error has been detected by the Java Runtime Environment:
#
#  SIGSEGV (0xb) at pc=0xb3447b9d, pid=4782, tid=2282470208
#
# JRE version: OpenJDK Runtime Environment (7.0_121) (build 1.7.0_121-b00)
# Java VM: OpenJDK Server VM (24.121-b00 mixed mode linux-x86 )
# Derivative: IcedTea 2.6.8
# Distribution: Ubuntu 14.04 LTS, package 7u121-2.6.8-1ubuntu0.14.04.1
# Problematic frame:
# v  ~BufferBlob::jni_fast_GetLongField
#
# Failed to write core dump. Core dumps have been disabled. To enable core dumping, try "ulimit -c unlimited" before starting Java again
#
# If you would like to submit a bug report, please include
# instructions on how to reproduce the bug and visit:
#   http://icedtea.classpath.org/bugzilla
# The crash happened outside the Java Virtual Machine in native code.
# See problematic frame for where to report the bug.
#

---------------  T H R E A D  ---------------

Current thread (0x887b4000):  JavaThread "AWT-XAWT" daemon [_thread_in_native, id=4797, stack(0x8806b000,0x880bc000)]

siginfo:si_signo=SIGSEGV: si_errno=0, si_code=1 (SEGV_MAPERR), si_addr=0x00000000

Registers:
EAX=0x00000000, EBX=0x89149000, ECX=0x0000000a, EDX=0x00000000
ESP=0x880bae18, EBP=0x880bae68, ESI=0x00000042, EDI=0x887b4128
EIP=0xb3447b9d, EFLAGS=0x00010246, CR2=0x00000000

Top of Stack: (sp=0x880bae18)
0x880bae18:   00000000 8911b793 887b4128 00000000
0x880bae28:   00000042 b3403462 a8951580 880bae34
0x880bae38:   8b3bd181 887b4128 8b3e3420 8bb3d04c
0x880bae48:   880bae68 8911b864 b71991c0 00010002
0x880bae58:   8911b76f 886fd000 87e81320 00000000
0x880bae68:   87e80c28 88629e18 87e80c28 00000000
0x880bae78:   00000000 b75ea100 00000000 887b4000
0x880bae88:   88629db9 886fd000 87e81030 01000003 

Instructions: (pc=0xb3447b9d)
0xb3447b7d:   00 00 00 56 8b 0d 0c 44 1b b7 f6 c1 01 0f 85 30
0xb3447b8d:   00 00 00 8b c1 83 e0 01 8b 54 04 0c 8b 74 24 10
0xb3447b9d:   8b 12 c1 ee 02 8b 04 32 8b 54 32 04 be 0c 44 1b
0xb3447bad:   b7 33 f2 33 f0 33 f2 33 f0 3b 0e 0f 85 02 00 00 

Register to memory mapping:

EAX=0x00000000 is an unknown value
EBX=0x89149000: <offset 0x49000> in /usr/lib/jvm/java-7-openjdk-i386/jre/lib/i386/xawt/libmawt.so at 0x89100000
ECX=0x0000000a is an unknown value
EDX=0x00000000 is an unknown value
ESP=0x880bae18 is pointing into the stack for thread: 0x887b4000
EBP=0x880bae68 is pointing into the stack for thread: 0x887b4000
ESI=0x00000042 is an unknown value
EDI=0x887b4128 is an unknown value


Stack: [0x8806b000,0x880bc000],  sp=0x880bae18,  free space=319k
Native frames: (J=compiled Java code, j=interpreted, Vv=VM code, C=native code)
v  ~BufferBlob::jni_fast_GetLongField

Java frames: (J=compiled Java code, j=interpreted, Vv=VM code)
j  sun.awt.X11.XlibWrapper.XFilterEvent(JJ)Z+0
j  sun.awt.X11.XToolkit.run(Z)V+300
j  sun.awt.X11.XToolkit.run()V+5
j  java.lang.Thread.run()V+11
v  ~StubRoutines::call_stub

---------------  P R O C E S S  ---------------

Java Threads: ( => current thread )
  0x8ad06800 JavaThread "XToolkt-Shutdown-Thread" [_thread_blocked, id=6029, stack(0x87baf000,0x87c00000)]
  0x88d04000 JavaThread "SIGHUP handler" daemon [_thread_blocked, id=6028, stack(0x87d0d000,0x87d5e000)]
  0x09bff400 JavaThread "AWT-EventQueue-1" [_thread_blocked, id=4804, stack(0x87daf000,0x87e00000)]
  0x8aa42800 JavaThread "TimerQueue" daemon [_thread_blocked, id=4803, stack(0x87d5e000,0x87daf000)]
  0xb6407800 JavaThread "DestroyJavaVM" [_thread_blocked, id=4783, stack(0xb65a6000,0xb65f7000)]
  0x887c3c00 JavaThread "AWT-EventQueue-0" [_thread_blocked, id=4801, stack(0x87f78000,0x87fc9000)]
  0x887c2c00 JavaThread "AWT-Shutdown" [_thread_blocked, id=4800, stack(0x87fc9000,0x8801a000)]
  0x887b6000 JavaThread "thread applet-AdmissionDetails.class" [_thread_blocked, id=4799, stack(0x8801a000,0x8806b000)]
=>0x887b4000 JavaThread "AWT-XAWT" daemon [_thread_in_native, id=4797, stack(0x8806b000,0x880bc000)]
  0x887a1000 JavaThread "Java2D Disposer" daemon [_thread_blocked, id=4796, stack(0x880bc000,0x8810d000)]
  0x8909c400 JavaThread "Service Thread" daemon [_thread_blocked, id=4794, stack(0x889ad000,0x889fe000)]
  0x8909a800 JavaThread "C2 CompilerThread1" daemon [_thread_blocked, id=4793, stack(0x889fe000,0x88a7f000)]
  0x89098400 JavaThread "C2 CompilerThread0" daemon [_thread_blocked, id=4792, stack(0x88a7f000,0x88b00000)]
  0x89096c00 JavaThread "Signal Dispatcher" daemon [_thread_blocked, id=4791, stack(0x88f0d000,0x88f5e000)]
  0x89085400 JavaThread "Finalizer" daemon [_thread_blocked, id=4790, stack(0x88f5e000,0x88faf000)]
  0x89083800 JavaThread "Reference Handler" daemon [_thread_blocked, id=4789, stack(0x88faf000,0x89000000)]

Other Threads:
  0x89081000 VMThread [stack: 0x8914c000,0x891cd000] [id=4788]
  0x890a6400 WatcherThread [stack: 0x8892c000,0x889ad000] [id=4795]

VM state:not at safepoint (normal execution)

VM Mutex/Monitor currently owned by a thread: None

Heap
 PSYoungGen      total 3584K, used 1417K [0xa8880000, 0xa8c80000, 0xb3340000)
  eden space 3072K, 29% used [0xa8880000,0xa8965850,0xa8b80000)
  from space 512K, 97% used [0xa8c00000,0xa8c7cdf8,0xa8c80000)
  to   space 512K, 0% used [0xa8b80000,0xa8b80000,0xa8c00000)
 ParOldGen       total 5632K, used 1231K [0x93340000, 0x938c0000, 0xa8880000)
  object space 5632K, 21% used [0x93340000,0x93473d08,0x938c0000)
 PSPermGen       total 16384K, used 8258K [0x8b340000, 0x8c340000, 0x93340000)
  object space 16384K, 50% used [0x8b340000,0x8bb50a78,0x8c340000)

Card table byte_map: [0x8b1ff000,0x8b340000] byte_map_base: 0x8ada5600

Polling page: 0xb77b9000

Code Cache  [0xb3400000, 0xb3640000, 0xb6400000)
 total_blobs=312 nmethods=79 adapters=187 free_code_cache=48703Kb largest_free_block=49857600

Compilation events (10 events):
Event: 6.689 Thread 0x89098400   75             java.awt.Component::getParent (5 bytes)
Event: 6.689 Thread 0x89098400 nmethod 75 0xb346efc8 code [0xb346f0a0, 0xb346f0f0]
Event: 7.152 Thread 0x8909a800   76             java.awt.AWTEvent::getID (5 bytes)
Event: 7.153 Thread 0x8909a800 nmethod 76 0xb346d808 code [0xb346d8e0, 0xb346d930]
Event: 12.513 Thread 0x8909a800   77   !         sun.awt.AppContext::get (121 bytes)
Event: 12.520 Thread 0x8909a800 nmethod 77 0xb3471348 code [0xb34714a0, 0xb3471a3c]
Event: 1606.832 Thread 0x89098400   78             java.util.HashMap::get (29 bytes)
Event: 1606.836 Thread 0x89098400 nmethod 78 0xb346d1c8 code [0xb346d2e0, 0xb346d59c]
Event: 1606.922 Thread 0x8909a800   79             java.lang.ref.Reference::get (5 bytes)
Event: 1606.922 Thread 0x8909a800 nmethod 79 0xb346d048 code [0xb346d120, 0xb346d170]

GC Heap History (4 events):
Event: 1.431 GC heap before
{Heap before GC invocations=1 (full 0):
 PSYoungGen      total 3584K, used 3072K [0xa8880000, 0xa8c80000, 0xb3340000)
  eden space 3072K, 100% used [0xa8880000,0xa8b80000,0xa8b80000)
  from space 512K, 0% used [0xa8c00000,0xa8c00000,0xa8c80000)
  to   space 512K, 0% used [0xa8b80000,0xa8b80000,0xa8c00000)
 ParOldGen       total 5632K, used 0K [0x93340000, 0x938c0000, 0xa8880000)
  object space 5632K, 0% used [0x93340000,0x93340000,0x938c0000)
 PSPermGen       total 16384K, used 7106K [0x8b340000, 0x8c340000, 0x93340000)
  object space 16384K, 43% used [0x8b340000,0x8ba30840,0x8c340000)
Event: 1.437 GC heap after
Heap after GC invocations=1 (full 0):
 PSYoungGen      total 3584K, used 497K [0xa8880000, 0xa8c80000, 0xb3340000)
  eden space 3072K, 0% used [0xa8880000,0xa8880000,0xa8b80000)
  from space 512K, 97% used [0xa8b80000,0xa8bfc468,0xa8c00000)
  to   space 512K, 0% used [0xa8c00000,0xa8c00000,0xa8c80000)
 ParOldGen       total 5632K, used 784K [0x93340000, 0x938c0000, 0xa8880000)
  object space 5632K, 13% used [0x93340000,0x934040b0,0x938c0000)
 PSPermGen       total 16384K, used 7106K [0x8b340000, 0x8c340000, 0x93340000)
  object space 16384K, 43% used [0x8b340000,0x8ba30840,0x8c340000)
}
Event: 6.573 GC heap before
{Heap before GC invocations=2 (full 0):
 PSYoungGen      total 3584K, used 3569K [0xa8880000, 0xa8c80000, 0xb3340000)
  eden space 3072K, 100% used [0xa8880000,0xa8b80000,0xa8b80000)
  from space 512K, 97% used [0xa8b80000,0xa8bfc468,0xa8c00000)
  to   space 512K, 0% used [0xa8c00000,0xa8c00000,0xa8c80000)
 ParOldGen       total 5632K, used 784K [0x93340000, 0x938c0000, 0xa8880000)
  object space 5632K, 13% used [0x93340000,0x934040b0,0x938c0000)
 PSPermGen       total 16384K, used 8187K [0x8b340000, 0x8c340000, 0x93340000)
  object space 16384K, 49% used [0x8b340000,0x8bb3ef90,0x8c340000)
Event: 6.577 GC heap after
Heap after GC invocations=2 (full 0):
 PSYoungGen      total 3584K, used 499K [0xa8880000, 0xa8c80000, 0xb3340000)
  eden space 3072K, 0% used [0xa8880000,0xa8880000,0xa8b80000)
  from space 512K, 97% used [0xa8c00000,0xa8c7cdf8,0xa8c80000)
  to   space 512K, 0% used [0xa8b80000,0xa8b80000,0xa8c00000)
 ParOldGen       total 5632K, used 1231K [0x93340000, 0x938c0000, 0xa8880000)
  object space 5632K, 21% used [0x93340000,0x93473d08,0x938c0000)
 PSPermGen       total 16384K, used 8187K [0x8b340000, 0x8c340000, 0x93340000)
  object space 16384K, 49% used [0x8b340000,0x8bb3ef90,0x8c340000)
}

Deoptimization events (10 events):
Event: 0.958 Thread 0x887c3c00 Uncommon trap: reason=class_check action=maybe_recompile pc=0xb3449924 method=java.util.Properties$LineReader.readLine()I @ 402
Event: 0.958 Thread 0x887c3c00 Uncommon trap: reason=class_check action=maybe_recompile pc=0xb3449908 method=java.util.Properties$LineReader.readLine()I @ 62
Event: 1.235 Thread 0x09bff400 Uncommon trap: reason=unstable_if action=reinterpret pc=0xb345a6d4 method=java.util.Properties$LineReader.readLine()I @ 172
Event: 1.236 Thread 0x09bff400 Uncommon trap: reason=unstable_if action=reinterpret pc=0xb345b1f4 method=java.util.Properties.loadConvert([CII[C)Ljava/lang/String; @ 57
Event: 1.236 Thread 0x09bff400 Uncommon trap: reason=unstable_if action=reinterpret pc=0xb3457c64 method=java.util.Properties.load0(Ljava/util/Properties$LineReader;)V @ 56
Event: 1.236 Thread 0x09bff400 Uncommon trap: reason=unstable_if action=reinterpret pc=0xb345667c method=java.util.Properties$LineReader.readLine()I @ 172
Event: 4.768 Thread 0x09bff400 Uncommon trap: reason=unstable_if action=reinterpret pc=0xb345d2b8 method=sun.awt.image.ByteInterleavedRaster.getDataElements(IILjava/lang/Object;)Ljava/lang/Object; @ 43
Event: 4.772 Thread 0x09bff400 Uncommon trap: reason=unstable_if action=reinterpret pc=0xb34651b0 method=sun.java2d.loops.OpaqueCopyAnyToArgb.Blit(Lsun/java2d/SurfaceData;Lsun/java2d/SurfaceData;Ljava/awt/Composite;Lsun/java2d/pipe/Region;IIIIII)V @ 150
Event: 7.202 Thread 0x09bff400 Uncommon trap: reason=unstable_if action=reinterpret pc=0xb346ccdc method=java.util.TreeMap.getEntry(Ljava/lang/Object;)Ljava/util/TreeMap$Entry; @ 36
Event: 12.508 Thread 0x887b4000 Uncommon trap: reason=unstable_if action=reinterpret pc=0xb346c90c method=java.util.HashMap.getEntry(Ljava/lang/Object;)Ljava/util/HashMap$Entry; @ 58

Internal exceptions (10 events):
Event: 1.210 Thread 0x09bff400 Threw 0xa8ae4448 at /build/openjdk-7-mks0zz/openjdk-7-7u121-2.6.8/build/openjdk/hotspot/src/share/vm/prims/jvm.cpp:1322
Event: 1.210 Thread 0x09bff400 Threw 0xa8ae46d8 at /build/openjdk-7-mks0zz/openjdk-7-7u121-2.6.8/build/openjdk/hotspot/src/share/vm/prims/jvm.cpp:1322
Event: 1.348 Thread 0x09bff400 Threw 0xa8b3ca90 at /build/openjdk-7-mks0zz/openjdk-7-7u121-2.6.8/build/openjdk/hotspot/src/share/vm/prims/jvm.cpp:1322
Event: 1.348 Thread 0x09bff400 Threw 0xa8b3cda8 at /build/openjdk-7-mks0zz/openjdk-7-7u121-2.6.8/build/openjdk/hotspot/src/share/vm/prims/jvm.cpp:1322
Event: 1.348 Thread 0x09bff400 Threw 0xa8b3d030 at /build/openjdk-7-mks0zz/openjdk-7-7u121-2.6.8/build/openjdk/hotspot/src/share/vm/prims/jvm.cpp:1322
Event: 1.438 Thread 0x09bff400 Threw 0xa8886ae8 at /build/openjdk-7-mks0zz/openjdk-7-7u121-2.6.8/build/openjdk/hotspot/src/share/vm/prims/jvm.cpp:1322
Event: 1.438 Thread 0x09bff400 Threw 0xa88871f0 at /build/openjdk-7-mks0zz/openjdk-7-7u121-2.6.8/build/openjdk/hotspot/src/share/vm/prims/jvm.cpp:1322
Event: 1.440 Thread 0x09bff400 Threw 0xa88aa8f0 at /build/openjdk-7-mks0zz/openjdk-7-7u121-2.6.8/build/openjdk/hotspot/src/share/vm/prims/jvm.cpp:1322
Event: 1.440 Thread 0x09bff400 Threw 0xa88aaff8 at /build/openjdk-7-mks0zz/openjdk-7-7u121-2.6.8/build/openjdk/hotspot/src/share/vm/prims/jvm.cpp:1322
Event: 4.768 Thread 0x09bff400 Implicit null exception at 0xb345d12f to 0xb345d2a1

Events (10 events):
Event: 1606.921 loading class 0x8aa6edb8 done
Event: 1606.921 loading class 0x88e6e138 done
Event: 1606.921 loading class 0x8aa14778
Event: 1606.921 loading class 0x8aa14778 done
Event: 1606.923 loading class 0x88739860
Event: 1606.923 loading class 0x88739860 done
Event: 1606.923 loading class 0x88e6eb88
Event: 1606.992 loading class 0x88e6eb88 done
Event: 1606.992 loading class 0x88e6fb88
Event: 1607.080 loading class 0x88e6fb88 done


Dynamic libraries:
08048000-08049000 r-xp 00000000 08:08 2646435    /usr/lib/jvm/java-7-openjdk-i386/bin/appletviewer
08049000-0804a000 r--p 00000000 08:08 2646435    /usr/lib/jvm/java-7-openjdk-i386/bin/appletviewer
0804a000-0804b000 rw-p 00001000 08:08 2646435    /usr/lib/jvm/java-7-openjdk-i386/bin/appletviewer
09bf8000-09c30000 rw-p 00000000 00:00 0          [heap]
87baf000-87bb2000 ---p 00000000 00:00 0 
87bb2000-87c00000 rw-p 00000000 00:00 0          [stack:6029]
87c00000-87c2e000 rw-p 00000000 00:00 0 
87c2e000-87d00000 ---p 00000000 00:00 0 
87d0d000-87d10000 ---p 00000000 00:00 0 
87d10000-87d5e000 rw-p 00000000 00:00 0          [stack:6028]
87d5e000-87d61000 ---p 00000000 00:00 0 
87d61000-87daf000 rw-p 00000000 00:00 0          [stack:4803]
87daf000-87db2000 ---p 00000000 00:00 0 
87db2000-87e00000 rw-p 00000000 00:00 0          [stack:4804]
87e00000-87eff000 rw-p 00000000 00:00 0 
87eff000-87f00000 ---p 00000000 00:00 0 
87f12000-87f23000 r-xp 00000000 08:08 2635069    /usr/lib/jvm/java-7-openjdk-i386/jre/lib/i386/libnio.so
87f23000-87f24000 r--p 00010000 08:08 2635069    /usr/lib/jvm/java-7-openjdk-i386/jre/lib/i386/libnio.so
87f24000-87f25000 rw-p 00011000 08:08 2635069    /usr/lib/jvm/java-7-openjdk-i386/jre/lib/i386/libnio.so
87f25000-87f75000 r-xp 00000000 08:08 2635063    /usr/lib/jvm/java-7-openjdk-i386/jre/lib/i386/libfontmanager.so
87f75000-87f77000 r--p 0004f000 08:08 2635063    /usr/lib/jvm/java-7-openjdk-i386/jre/lib/i386/libfontmanager.so
87f77000-87f78000 rw-p 00051000 08:08 2635063    /usr/lib/jvm/java-7-openjdk-i386/jre/lib/i386/libfontmanager.so
87f78000-87f7b000 ---p 00000000 00:00 0 
87f7b000-87fc9000 rw-p 00000000 00:00 0          [stack:4801]
87fc9000-87fcc000 ---p 00000000 00:00 0 
87fcc000-8801a000 rw-p 00000000 00:00 0          [stack:4800]
8801a000-8801d000 ---p 00000000 00:00 0 
8801d000-8806b000 rw-p 00000000 00:00 0          [stack:4799]
8806b000-8806e000 ---p 00000000 00:00 0 
8806e000-880bc000 rw-p 00000000 00:00 0          [stack:4797]
880bc000-880bf000 ---p 00000000 00:00 0 
880bf000-8810d000 rw-p 00000000 00:00 0          [stack:4796]
8810d000-88125000 r-xp 00000000 08:08 2635093    /usr/lib/jvm/java-7-openjdk-i386/jre/lib/i386/libnet.so
88125000-88126000 r--p 00017000 08:08 2635093    /usr/lib/jvm/java-7-openjdk-i386/jre/lib/i386/libnet.so
88126000-88127000 rw-p 00018000 08:08 2635093    /usr/lib/jvm/java-7-openjdk-i386/jre/lib/i386/libnet.so
88127000-88163000 r-xp 00000000 08:08 1049667    /lib/i386-linux-gnu/libpcre.so.3.13.1
88163000-88164000 r--p 0003b000 08:08 1049667    /lib/i386-linux-gnu/libpcre.so.3.13.1
88164000-88165000 rw-p 0003c000 08:08 1049667    /lib/i386-linux-gnu/libpcre.so.3.13.1
88165000-8818b000 r-xp 00000000 08:08 1049679    /lib/i386-linux-gnu/libpng12.so.0.50.0
8818b000-8818c000 r--p 00025000 08:08 1049679    /lib/i386-linux-gnu/libpng12.so.0.50.0
8818c000-8818d000 rw-p 00026000 08:08 1049679    /lib/i386-linux-gnu/libpng12.so.0.50.0
8818d000-881a0000 r-xp 00000000 08:08 1049690    /lib/i386-linux-gnu/libresolv-2.19.so
881a0000-881a1000 ---p 00013000 08:08 1049690    /lib/i386-linux-gnu/libresolv-2.19.so
881a1000-881a2000 r--p 00013000 08:08 1049690    /lib/i386-linux-gnu/libresolv-2.19.so
881a2000-881a3000 rw-p 00014000 08:08 1049690    /lib/i386-linux-gnu/libresolv-2.19.so
881a3000-881a5000 rw-p 00000000 00:00 0 
881a5000-881c5000 r-xp 00000000 08:08 1049694    /lib/i386-linux-gnu/libselinux.so.1
881c5000-881c6000 r--p 0001f000 08:08 1049694    /lib/i386-linux-gnu/libselinux.so.1
881c6000-881c7000 rw-p 00020000 08:08 1049694    /lib/i386-linux-gnu/libselinux.so.1
881c7000-881c8000 rw-p 00000000 00:00 0 
881c8000-882d2000 r-xp 00000000 08:08 1048596    /lib/i386-linux-gnu/libglib-2.0.so.0.4002.0
882d2000-882d3000 r--p 00109000 08:08 1048596    /lib/i386-linux-gnu/libglib-2.0.so.0.4002.0
882d3000-882d4000 rw-p 0010a000 08:08 1048596    /lib/i386-linux-gnu/libglib-2.0.so.0.4002.0
882d4000-882f9000 r-xp 00000000 08:08 1049586    /lib/i386-linux-gnu/libexpat.so.1.6.0
882f9000-882fa000 ---p 00025000 08:08 1049586    /lib/i386-linux-gnu/libexpat.so.1.6.0
882fa000-882fc000 r--p 00025000 08:08 1049586    /lib/i386-linux-gnu/libexpat.so.1.6.0
882fc000-882fd000 rw-p 00027000 08:08 1049586    /lib/i386-linux-gnu/libexpat.so.1.6.0
882fd000-88397000 r-xp 00000000 08:08 2627073    /usr/lib/i386-linux-gnu/libfreetype.so.6.11.1
88397000-8839b000 r--p 0009a000 08:08 2627073    /usr/lib/i386-linux-gnu/libfreetype.so.6.11.1
8839b000-8839c000 rw-p 0009e000 08:08 2627073    /usr/lib/i386-linux-gnu/libfreetype.so.6.11.1
8839c000-883bc000 r-xp 00000000 08:08 2627817    /usr/lib/i386-linux-gnu/libxcb.so.1.1.0
883bc000-883bd000 r--p 0001f000 08:08 2627817    /usr/lib/i386-linux-gnu/libxcb.so.1.1.0
883bd000-883be000 rw-p 00020000 08:08 2627817    /usr/lib/i386-linux-gnu/libxcb.so.1.1.0
883be000-8840e000 r-xp 00000000 08:08 2621826    /usr/lib/i386-linux-gnu/libgobject-2.0.so.0.4002.0
8840e000-8840f000 r--p 0004f000 08:08 2621826    /usr/lib/i386-linux-gnu/libgobject-2.0.so.0.4002.0
8840f000-88410000 rw-p 00050000 08:08 2621826    /usr/lib/i386-linux-gnu/libgobject-2.0.so.0.4002.0
88410000-8858d000 r-xp 00000000 08:08 2621895    /usr/lib/i386-linux-gnu/libgio-2.0.so.0.4002.0
8858d000-8858f000 r--p 0017d000 08:08 2621895    /usr/lib/i386-linux-gnu/libgio-2.0.so.0.4002.0
8858f000-88590000 rw-p 0017f000 08:08 2621895    /usr/lib/i386-linux-gnu/libgio-2.0.so.0.4002.0
88590000-88591000 rw-p 00000000 00:00 0 
88591000-885ca000 r-xp 00000000 08:08 2627045    /usr/lib/i386-linux-gnu/libfontconfig.so.1.8.0
885ca000-885cb000 r--p 00039000 08:08 2627045    /usr/lib/i386-linux-gnu/libfontconfig.so.1.8.0
885cb000-885cc000 rw-p 0003a000 08:08 2627045    /usr/lib/i386-linux-gnu/libfontconfig.so.1.8.0
885cc000-886fc000 r-xp 00000000 08:08 2626749    /usr/lib/i386-linux-gnu/libX11.so.6.3.0
886fc000-886fd000 r--p 00130000 08:08 2626749    /usr/lib/i386-linux-gnu/libX11.so.6.3.0
886fd000-886ff000 rw-p 00131000 08:08 2626749    /usr/lib/i386-linux-gnu/libX11.so.6.3.0
886ff000-88700000 rw-p 00000000 00:00 0 
88700000-887e9000 rw-p 00000000 00:00 0 
887e9000-88800000 ---p 00000000 00:00 0 
88806000-88895000 r-xp 00000000 08:08 2635097    /usr/lib/jvm/java-7-openjdk-i386/jre/lib/i386/libawt.so
88895000-88896000 r--p 0008f000 08:08 2635097    /usr/lib/jvm/java-7-openjdk-i386/jre/lib/i386/libawt.so
88896000-8889d000 rw-p 00090000 08:08 2635097    /usr/lib/jvm/java-7-openjdk-i386/jre/lib/i386/libawt.so
8889d000-888c1000 rw-p 00000000 00:00 0 
888c1000-8892c000 r--s 0069c000 08:08 2646356    /usr/lib/jvm/java-7-openjdk-i386/lib/tools.jar
8892c000-8892d000 ---p 00000000 00:00 0 
8892d000-889ad000 rw-p 00000000 00:00 0          [stack:4795]
889ad000-889b0000 ---p 00000000 00:00 0 
889b0000-889fe000 rw-p 00000000 00:00 0          [stack:4794]
889fe000-88a01000 ---p 00000000 00:00 0 
88a01000-88a7f000 rw-p 00000000 00:00 0          [stack:4793]
88a7f000-88a82000 ---p 00000000 00:00 0 
88a82000-88b00000 rw-p 00000000 00:00 0          [stack:4792]
88b00000-88d00000 r--p 00000000 08:08 2630260    /usr/lib/locale/locale-archive
88d00000-88d21000 rw-p 00000000 00:00 0 
88d21000-88e00000 ---p 00000000 00:00 0 
88e00000-88ef9000 rw-p 00000000 00:00 0 
88ef9000-88f00000 ---p 00000000 00:00 0 
88f00000-88f05000 r-xp 00000000 08:08 1049637    /lib/i386-linux-gnu/libnss_dns-2.19.so
88f05000-88f06000 r--p 00004000 08:08 1049637    /lib/i386-linux-gnu/libnss_dns-2.19.so
88f06000-88f07000 rw-p 00005000 08:08 1049637    /lib/i386-linux-gnu/libnss_dns-2.19.so
88f07000-88f0b000 r-xp 00000000 08:08 2626768    /usr/lib/i386-linux-gnu/libXfixes.so.3.1.0
88f0b000-88f0c000 r--p 00003000 08:08 2626768    /usr/lib/i386-linux-gnu/libXfixes.so.3.1.0
88f0c000-88f0d000 rw-p 00004000 08:08 2626768    /usr/lib/i386-linux-gnu/libXfixes.so.3.1.0
88f0d000-88f10000 ---p 00000000 00:00 0 
88f10000-88f5e000 rw-p 00000000 00:00 0          [stack:4791]
88f5e000-88f61000 ---p 00000000 00:00 0 
88f61000-88faf000 rw-p 00000000 00:00 0          [stack:4790]
88faf000-88fb2000 ---p 00000000 00:00 0 
88fb2000-89000000 rw-p 00000000 00:00 0          [stack:4789]
89000000-890fd000 rw-p 00000000 00:00 0 
890fd000-89100000 ---p 00000000 00:00 0 
89100000-89148000 r-xp 00000000 08:08 2635034    /usr/lib/jvm/java-7-openjdk-i386/jre/lib/i386/xawt/libmawt.so
89148000-89149000 r--p 00048000 08:08 2635034    /usr/lib/jvm/java-7-openjdk-i386/jre/lib/i386/xawt/libmawt.so
89149000-8914b000 rw-p 00049000 08:08 2635034    /usr/lib/jvm/java-7-openjdk-i386/jre/lib/i386/xawt/libmawt.so
8914b000-8914c000 rw-p 00000000 00:00 0 
8914c000-8914d000 ---p 00000000 00:00 0 
8914d000-891cd000 rw-p 00000000 00:00 0          [stack:4788]
891cd000-89380000 r--s 01d41000 08:08 2635051    /usr/lib/jvm/java-7-openjdk-i386/jre/lib/rt.jar
89380000-8aa00000 rw-p 00000000 00:00 0 
8aa00000-8aac1000 rw-p 00000000 00:00 0 
8aac1000-8ab00000 ---p 00000000 00:00 0 
8ab00000-8ab05000 r-xp 00000000 08:08 2626764    /usr/lib/i386-linux-gnu/libXdmcp.so.6.0.0
8ab05000-8ab06000 r--p 00004000 08:08 2626764    /usr/lib/i386-linux-gnu/libXdmcp.so.6.0.0
8ab06000-8ab07000 rw-p 00005000 08:08 2626764    /usr/lib/i386-linux-gnu/libXdmcp.so.6.0.0
8ab07000-8ab09000 r-xp 00000000 08:08 2626753    /usr/lib/i386-linux-gnu/libXau.so.6.0.0
8ab09000-8ab0a000 r--p 00001000 08:08 2626753    /usr/lib/i386-linux-gnu/libXau.so.6.0.0
8ab0a000-8ab0b000 rw-p 00002000 08:08 2626753    /usr/lib/i386-linux-gnu/libXau.so.6.0.0
8ab0b000-8ab10000 r-xp 00000000 08:08 2627031    /usr/lib/i386-linux-gnu/libffi.so.6.0.1
8ab10000-8ab11000 r--p 00005000 08:08 2627031    /usr/lib/i386-linux-gnu/libffi.so.6.0.1
8ab11000-8ab12000 rw-p 00006000 08:08 2627031    /usr/lib/i386-linux-gnu/libffi.so.6.0.1
8ab12000-8ab21000 r-xp 00000000 08:08 2626774    /usr/lib/i386-linux-gnu/libXi.so.6.1.0
8ab21000-8ab22000 r--p 0000e000 08:08 2626774    /usr/lib/i386-linux-gnu/libXi.so.6.1.0
8ab22000-8ab23000 rw-p 0000f000 08:08 2626774    /usr/lib/i386-linux-gnu/libXi.so.6.1.0
8ab23000-8ab34000 r-xp 00000000 08:08 2626766    /usr/lib/i386-linux-gnu/libXext.so.6.4.0
8ab34000-8ab35000 r--p 00010000 08:08 2626766    /usr/lib/i386-linux-gnu/libXext.so.6.4.0
8ab35000-8ab36000 rw-p 00011000 08:08 2626766    /usr/lib/i386-linux-gnu/libXext.so.6.4.0
8ab36000-8ab7f000 rw-p 00000000 00:00 0 
8ab7f000-8ab80000 ---p 00000000 00:00 0 
8ab80000-8ac00000 rw-p 00000000 00:00 0          [stack:4787]
8ac00000-8ac21000 rw-p 00000000 00:00 0 
8ac21000-8ad00000 ---p 00000000 00:00 0 
8ad00000-8ad21000 rw-p 00000000 00:00 0 
8ad21000-8ae00000 ---p 00000000 00:00 0 
8ae00000-8ae09000 r-xp 00000000 08:08 2626788    /usr/lib/i386-linux-gnu/libXrender.so.1.3.0
8ae09000-8ae0a000 r--p 00008000 08:08 2626788    /usr/lib/i386-linux-gnu/libXrender.so.1.3.0
8ae0a000-8ae0b000 rw-p 00009000 08:08 2626788    /usr/lib/i386-linux-gnu/libXrender.so.1.3.0
8ae0b000-8ae0d000 r-xp 00000000 08:08 1049645    /lib/i386-linux-gnu/libnss_mdns4_minimal.so.2
8ae0d000-8ae0e000 r--p 00001000 08:08 1049645    /lib/i386-linux-gnu/libnss_mdns4_minimal.so.2
8ae0e000-8ae0f000 rw-p 00002000 08:08 1049645    /lib/i386-linux-gnu/libnss_mdns4_minimal.so.2
8ae0f000-8ae18000 r-xp 00000000 08:08 2626760    /usr/lib/i386-linux-gnu/libXcursor.so.1.0.2
8ae18000-8ae19000 r--p 00008000 08:08 2626760    /usr/lib/i386-linux-gnu/libXcursor.so.1.0.2
8ae19000-8ae1a000 rw-p 00009000 08:08 2626760    /usr/lib/i386-linux-gnu/libXcursor.so.1.0.2
8ae1a000-8ae24000 r--s 000ae000 08:08 2635049    /usr/lib/jvm/java-7-openjdk-i386/jre/lib/resources.jar
8ae24000-8ae7f000 rw-p 00000000 00:00 0 
8ae7f000-8ae80000 ---p 00000000 00:00 0 
8ae80000-8af00000 rw-p 00000000 00:00 0          [stack:4786]
8af00000-8af21000 rw-p 00000000 00:00 0 
8af21000-8b000000 ---p 00000000 00:00 0 
8b000000-8b005000 r-xp 00000000 08:08 2626794    /usr/lib/i386-linux-gnu/libXtst.so.6.1.0
8b005000-8b006000 r--p 00004000 08:08 2626794    /usr/lib/i386-linux-gnu/libXtst.so.6.1.0
8b006000-8b007000 rw-p 00005000 08:08 2626794    /usr/lib/i386-linux-gnu/libXtst.so.6.1.0
8b007000-8b012000 r--s 00203000 08:08 2635101    /usr/lib/jvm/java-7-openjdk-i386/jre/lib/charsets.jar
8b012000-8b013000 ---p 00000000 00:00 0 
8b013000-8b093000 rw-p 00000000 00:00 0          [stack:4785]
8b093000-8b094000 ---p 00000000 00:00 0 
8b094000-8b11c000 rw-p 00000000 00:00 0          [stack:4784]
8b11c000-8b154000 rw-p 00000000 00:00 0 
8b154000-8b157000 rw-p 00000000 00:00 0 
8b157000-8b1ff000 rw-p 00000000 00:00 0 
8b1ff000-8b207000 rw-p 00000000 00:00 0 
8b207000-8b23f000 rw-p 00000000 00:00 0 
8b23f000-8b242000 rw-p 00000000 00:00 0 
8b242000-8b2e9000 rw-p 00000000 00:00 0 
8b2e9000-8b2ec000 rw-p 00000000 00:00 0 
8b2ec000-8b33f000 rw-p 00000000 00:00 0 
8b33f000-8c340000 rw-p 00000000 00:00 0 
8c340000-93340000 rw-p 00000000 00:00 0 
93340000-938c0000 rw-p 00000000 00:00 0 
938c0000-a8880000 rw-p 00000000 00:00 0 
a8880000-a8c80000 rw-p 00000000 00:00 0 
a8c80000-b3340000 rw-p 00000000 00:00 0 
b3340000-b3349000 rw-p 00000000 00:00 0 
b3349000-b3400000 rw-p 00000000 00:00 0 
b3400000-b3640000 rwxp 00000000 00:00 0 
b3640000-b64ff000 rw-p 00000000 00:00 0 
b64ff000-b6500000 ---p 00000000 00:00 0 
b6501000-b6504000 r-xp 00000000 08:08 2625570    /usr/lib/i386-linux-gnu/libgmodule-2.0.so.0.4002.0
b6504000-b6505000 r--p 00002000 08:08 2625570    /usr/lib/i386-linux-gnu/libgmodule-2.0.so.0.4002.0
b6505000-b6506000 rw-p 00003000 08:08 2625570    /usr/lib/i386-linux-gnu/libgmodule-2.0.so.0.4002.0
b6506000-b6508000 r-xp 00000000 08:08 2626758    /usr/lib/i386-linux-gnu/libXcomposite.so.1.0.0
b6508000-b6509000 r--p 00001000 08:08 2626758    /usr/lib/i386-linux-gnu/libXcomposite.so.1.0.0
b6509000-b650a000 rw-p 00002000 08:08 2626758    /usr/lib/i386-linux-gnu/libXcomposite.so.1.0.0
b650a000-b650c000 r--s 00012000 08:08 2635055    /usr/lib/jvm/java-7-openjdk-i386/jre/lib/ext/zipfs.jar
b650c000-b650e000 r--s 00006000 08:08 9863       /usr/share/java/java-atk-wrapper.jar
b650e000-b6511000 r--s 0000f000 08:08 2635057    /usr/lib/jvm/java-7-openjdk-i386/jre/lib/ext/icedtea-sound.jar
b6511000-b6520000 rw-p 00000000 00:00 0 
b6520000-b652b000 r-xp 00000000 08:08 1049639    /lib/i386-linux-gnu/libnss_files-2.19.so
b652b000-b652c000 r--p 0000a000 08:08 1049639    /lib/i386-linux-gnu/libnss_files-2.19.so
b652c000-b652d000 rw-p 0000b000 08:08 1049639    /lib/i386-linux-gnu/libnss_files-2.19.so
b652d000-b6537000 r-xp 00000000 08:08 1049649    /lib/i386-linux-gnu/libnss_nis-2.19.so
b6537000-b6538000 r--p 00009000 08:08 1049649    /lib/i386-linux-gnu/libnss_nis-2.19.so
b6538000-b6539000 rw-p 0000a000 08:08 1049649    /lib/i386-linux-gnu/libnss_nis-2.19.so
b6539000-b654e000 r-xp 00000000 08:08 1049633    /lib/i386-linux-gnu/libnsl-2.19.so
b654e000-b654f000 r--p 00015000 08:08 1049633    /lib/i386-linux-gnu/libnsl-2.19.so
b654f000-b6550000 rw-p 00016000 08:08 1049633    /lib/i386-linux-gnu/libnsl-2.19.so
b6550000-b6552000 rw-p 00000000 00:00 0 
b6552000-b6559000 r-xp 00000000 08:08 1049635    /lib/i386-linux-gnu/libnss_compat-2.19.so
b6559000-b655a000 r--p 00006000 08:08 1049635    /lib/i386-linux-gnu/libnss_compat-2.19.so
b655a000-b655b000 rw-p 00007000 08:08 1049635    /lib/i386-linux-gnu/libnss_compat-2.19.so
b655b000-b655f000 r--s 00034000 08:08 2635054    /usr/lib/jvm/java-7-openjdk-i386/jre/lib/ext/sunjce_provider.jar
b655f000-b6562000 r--s 0003d000 08:08 2635053    /usr/lib/jvm/java-7-openjdk-i386/jre/lib/ext/sunpkcs11.jar
b6562000-b656a000 r-xp 00000000 08:08 2635091    /usr/lib/jvm/java-7-openjdk-i386/jre/lib/i386/libzip.so
b656a000-b656b000 r--p 00007000 08:08 2635091    /usr/lib/jvm/java-7-openjdk-i386/jre/lib/i386/libzip.so
b656b000-b656c000 rw-p 00008000 08:08 2635091    /usr/lib/jvm/java-7-openjdk-i386/jre/lib/i386/libzip.so
b656c000-b6574000 rw-s 00000000 08:08 1315482    /tmp/hsperfdata_student/4782
b6574000-b659b000 r-xp 00000000 08:08 2635090    /usr/lib/jvm/java-7-openjdk-i386/jre/lib/i386/libjava.so
b659b000-b659c000 r--p 00026000 08:08 2635090    /usr/lib/jvm/java-7-openjdk-i386/jre/lib/i386/libjava.so
b659c000-b659d000 rw-p 00027000 08:08 2635090    /usr/lib/jvm/java-7-openjdk-i386/jre/lib/i386/libjava.so
b659d000-b65a4000 r-xp 00000000 08:08 1049692    /lib/i386-linux-gnu/librt-2.19.so
b65a4000-b65a5000 r--p 00006000 08:08 1049692    /lib/i386-linux-gnu/librt-2.19.so
b65a5000-b65a6000 rw-p 00007000 08:08 1049692    /lib/i386-linux-gnu/librt-2.19.so
b65a6000-b65a9000 ---p 00000000 00:00 0 
b65a9000-b65f7000 rw-p 00000000 00:00 0          [stack:4783]
b65f7000-b6613000 r-xp 00000000 08:08 1049591    /lib/i386-linux-gnu/libgcc_s.so.1
b6613000-b6614000 rw-p 0001b000 08:08 1049591    /lib/i386-linux-gnu/libgcc_s.so.1
b6614000-b6658000 r-xp 00000000 08:08 1049614    /lib/i386-linux-gnu/libm-2.19.so
b6658000-b6659000 r--p 00043000 08:08 1049614    /lib/i386-linux-gnu/libm-2.19.so
b6659000-b665a000 rw-p 00044000 08:08 1049614    /lib/i386-linux-gnu/libm-2.19.so
b665a000-b6736000 r-xp 00000000 08:08 2625681    /usr/lib/i386-linux-gnu/libstdc++.so.6.0.19
b6736000-b673a000 r--p 000dc000 08:08 2625681    /usr/lib/i386-linux-gnu/libstdc++.so.6.0.19
b673a000-b673b000 rw-p 000e0000 08:08 2625681    /usr/lib/i386-linux-gnu/libstdc++.so.6.0.19
b673b000-b6742000 rw-p 00000000 00:00 0 
b6742000-b7141000 r-xp 00000000 08:08 2635065    /usr/lib/jvm/java-7-openjdk-i386/jre/lib/i386/server/libjvm.so
b7141000-b7193000 r--p 009fe000 08:08 2635065    /usr/lib/jvm/java-7-openjdk-i386/jre/lib/i386/server/libjvm.so
b7193000-b71a7000 rw-p 00a50000 08:08 2635065    /usr/lib/jvm/java-7-openjdk-i386/jre/lib/i386/server/libjvm.so
b71a7000-b75c6000 rw-p 00000000 00:00 0 
b75c6000-b75de000 r-xp 00000000 08:08 1049727    /lib/i386-linux-gnu/libz.so.1.2.8
b75de000-b75df000 r--p 00017000 08:08 1049727    /lib/i386-linux-gnu/libz.so.1.2.8
b75df000-b75e0000 rw-p 00018000 08:08 1049727    /lib/i386-linux-gnu/libz.so.1.2.8
b75e0000-b75f8000 r-xp 00000000 08:08 1049684    /lib/i386-linux-gnu/libpthread-2.19.so
b75f8000-b75f9000 r--p 00017000 08:08 1049684    /lib/i386-linux-gnu/libpthread-2.19.so
b75f9000-b75fa000 rw-p 00018000 08:08 1049684    /lib/i386-linux-gnu/libpthread-2.19.so
b75fa000-b75fc000 rw-p 00000000 00:00 0 
b75fc000-b75ff000 r-xp 00000000 08:08 1049581    /lib/i386-linux-gnu/libdl-2.19.so
b75ff000-b7600000 r--p 00002000 08:08 1049581    /lib/i386-linux-gnu/libdl-2.19.so
b7600000-b7601000 rw-p 00003000 08:08 1049581    /lib/i386-linux-gnu/libdl-2.19.so
b7601000-b77aa000 r-xp 00000000 08:08 1049564    /lib/i386-linux-gnu/libc-2.19.so
b77aa000-b77ac000 r--p 001a9000 08:08 1049564    /lib/i386-linux-gnu/libc-2.19.so
b77ac000-b77ad000 rw-p 001ab000 08:08 1049564    /lib/i386-linux-gnu/libc-2.19.so
b77ad000-b77b1000 rw-p 00000000 00:00 0 
b77b2000-b77b3000 r--s 00002000 08:08 2635056    /usr/lib/jvm/java-7-openjdk-i386/jre/lib/ext/dnsns.jar
b77b3000-b77b7000 r--s 00085000 08:08 2635058    /usr/lib/jvm/java-7-openjdk-i386/jre/lib/ext/localedata.jar
b77b7000-b77b8000 r--p 00850000 08:08 2630260    /usr/lib/locale/locale-archive
b77b8000-b77b9000 rw-p 00000000 00:00 0 
b77b9000-b77ba000 r--p 00000000 00:00 0 
b77ba000-b77c8000 r-xp 00000000 08:08 2635092    /usr/lib/jvm/java-7-openjdk-i386/jre/lib/i386/libverify.so
b77c8000-b77c9000 r--p 0000d000 08:08 2635092    /usr/lib/jvm/java-7-openjdk-i386/jre/lib/i386/libverify.so
b77c9000-b77ca000 rw-p 0000e000 08:08 2635092    /usr/lib/jvm/java-7-openjdk-i386/jre/lib/i386/libverify.so
b77ca000-b77d6000 r-xp 00000000 08:08 2635096    /usr/lib/jvm/java-7-openjdk-i386/jre/lib/i386/jli/libjli.so
b77d6000-b77d7000 r--p 0000c000 08:08 2635096    /usr/lib/jvm/java-7-openjdk-i386/jre/lib/i386/jli/libjli.so
b77d7000-b77d8000 rw-p 0000d000 08:08 2635096    /usr/lib/jvm/java-7-openjdk-i386/jre/lib/i386/jli/libjli.so
b77d8000-b77da000 rw-p 00000000 00:00 0 
b77da000-b77db000 r-xp 00000000 00:00 0          [vdso]
b77db000-b77fb000 r-xp 00000000 08:08 1049540    /lib/i386-linux-gnu/ld-2.19.so
b77fb000-b77fc000 r--p 0001f000 08:08 1049540    /lib/i386-linux-gnu/ld-2.19.so
b77fc000-b77fd000 rw-p 00020000 08:08 1049540    /lib/i386-linux-gnu/ld-2.19.so
bfdfe000-bfdff000 rwxp 00000000 00:00 0 
bfe31000-bfe52000 rw-p 00000000 00:00 0          [stack]

VM Arguments:
jvm_args: -Dapplication.home=/usr/lib/jvm/java-7-openjdk-i386 -Xms8m 
java_command: sun.applet.Main AdmissionDetails.html
Launcher Type: SUN_STANDARD

Environment Variables:
PATH=/usr/local/sbin:/usr/local/bin:/usr/sbin:/usr/bin:/sbin:/bin:/usr/games:/usr/local/games
SHELL=/bin/bash
DISPLAY=:0

Signal Handlers:
SIGSEGV: [libjvm.so+0x81a360], sa_mask[0]=0x7ffbfeff, sa_flags=0x10000004
SIGBUS: [libjvm.so+0x81a360], sa_mask[0]=0x7ffbfeff, sa_flags=0x10000004
SIGFPE: [libjvm.so+0x68eb40], sa_mask[0]=0x7ffbfeff, sa_flags=0x10000004
SIGPIPE: [libjvm.so+0x68eb40], sa_mask[0]=0x7ffbfeff, sa_flags=0x10000004
SIGXFSZ: [libjvm.so+0x68eb40], sa_mask[0]=0x7ffbfeff, sa_flags=0x10000004
SIGILL: [libjvm.so+0x68eb40], sa_mask[0]=0x7ffbfeff, sa_flags=0x10000004
SIGUSR1: SIG_DFL, sa_mask[0]=0x00000000, sa_flags=0x00000000
SIGUSR2: [libjvm.so+0x68eca0], sa_mask[0]=0x00000000, sa_flags=0x10000004
SIGHUP: [libjvm.so+0x68ec00], sa_mask[0]=0x7ffbfeff, sa_flags=0x10000004
SIGINT: [libjvm.so+0x68ec00], sa_mask[0]=0x7ffbfeff, sa_flags=0x10000004
SIGTERM: [libjvm.so+0x68ec00], sa_mask[0]=0x7ffbfeff, sa_flags=0x10000004
SIGQUIT: [libjvm.so+0x68ec00], sa_mask[0]=0x7ffbfeff, sa_flags=0x10000004
SIGTRAP: SIG_DFL, sa_mask[0]=0x00000000, sa_flags=0x00000000


---------------  S Y S T E M  ---------------

OS:Ubuntu 14.04 (trusty)
uname:Linux 3.13.0-24-generic #46-Ubuntu SMP Thu Apr 10 19:08:14 UTC 2014 i686
libc:glibc 2.19 NPTL 2.19 
rlimit: STACK 8192k, CORE 0k, NPROC 15897, NOFILE 4096, AS infinity
load average:0.46 0.31 0.24

/proc/meminfo:
MemTotal:        2054768 kB
MemFree:          886492 kB
Buffers:           42992 kB
Cached:           525500 kB
SwapCached:        14436 kB
Active:           627476 kB
Inactive:         459036 kB
Active(anon):     404164 kB
Inactive(anon):   240816 kB
Active(file):     223312 kB
Inactive(file):   218220 kB
Unevictable:           0 kB
Mlocked:               0 kB
HighTotal:       1174216 kB
HighFree:         510336 kB
LowTotal:         880552 kB
LowFree:          376156 kB
SwapTotal:       5979128 kB
SwapFree:        5952164 kB
Dirty:              1972 kB
Writeback:             0 kB
AnonPages:        503508 kB
Mapped:            88212 kB
Shmem:            127032 kB
Slab:              49324 kB
SReclaimable:      29868 kB
SUnreclaim:        19456 kB
KernelStack:        4312 kB
PageTables:         6068 kB
NFS_Unstable:          0 kB
Bounce:                0 kB
WritebackTmp:          0 kB
CommitLimit:     7006512 kB
Committed_AS:    2625288 kB
VmallocTotal:     122880 kB
VmallocUsed:       14348 kB
VmallocChunk:     104388 kB
HardwareCorrupted:     0 kB
AnonHugePages:    282624 kB
HugePages_Total:       0
HugePages_Free:        0
HugePages_Rsvd:        0
HugePages_Surp:        0
Hugepagesize:       2048 kB
DirectMap4k:       32760 kB
DirectMap2M:      880640 kB


CPU:total 4 (4 cores per cpu, 1 threads per core) family 6 model 23 stepping 10, cmov, cx8, fxsr, mmx, sse, sse2, sse3, ssse3, sse4.1, tsc

/proc/cpuinfo:
processor	: 0
vendor_id	: GenuineIntel
cpu family	: 6
model		: 23
model name	: Intel(R) Core(TM)2 Quad CPU    Q8200  @ 2.33GHz
stepping	: 10
microcode	: 0xa07
cpu MHz		: 2003.000
cache size	: 2048 KB
physical id	: 0
siblings	: 4
core id		: 0
cpu cores	: 4
apicid		: 0
initial apicid	: 0
fdiv_bug	: no
f00f_bug	: no
coma_bug	: no
fpu		: yes
fpu_exception	: yes
cpuid level	: 13
wp		: yes
flags		: fpu vme de pse tsc msr pae mce cx8 apic sep mtrr pge mca cmov pat pse36 clflush dts acpi mmx fxsr sse sse2 ss ht tm pbe nx lm constant_tsc arch_perfmon pebs bts aperfmperf pni dtes64 monitor ds_cpl est tm2 ssse3 cx16 xtpr pdcm sse4_1 xsave lahf_lm dtherm
bogomips	: 4655.31
clflush size	: 64
cache_alignment	: 64
address sizes	: 36 bits physical, 48 bits virtual
power management:

processor	: 1
vendor_id	: GenuineIntel
cpu family	: 6
model		: 23
model name	: Intel(R) Core(TM)2 Quad CPU    Q8200  @ 2.33GHz
stepping	: 10
microcode	: 0xa07
cpu MHz		: 2336.000
cache size	: 2048 KB
physical id	: 0
siblings	: 4
core id		: 1
cpu cores	: 4
apicid		: 1
initial apicid	: 1
fdiv_bug	: no
f00f_bug	: no
coma_bug	: no
fpu		: yes
fpu_exception	: yes
cpuid level	: 13
wp		: yes
flags		: fpu vme de pse tsc msr pae mce cx8 apic sep mtrr pge mca cmov pat pse36 clflush dts acpi mmx fxsr sse sse2 ss ht tm pbe nx lm constant_tsc arch_perfmon pebs bts aperfmperf pni dtes64 monitor ds_cpl est tm2 ssse3 cx16 xtpr pdcm sse4_1 xsave lahf_lm dtherm
bogomips	: 4655.31
clflush size	: 64
cache_alignment	: 64
address sizes	: 36 bits physical, 48 bits virtual
power management:

processor	: 2
vendor_id	: GenuineIntel
cpu family	: 6
model		: 23
model name	: Intel(R) Core(TM)2 Quad CPU    Q8200  @ 2.33GHz
stepping	: 10
microcode	: 0xa07
cpu MHz		: 2336.000
cache size	: 2048 KB
physical id	: 0
siblings	: 4
core id		: 2
cpu cores	: 4
apicid		: 2
initial apicid	: 2
fdiv_bug	: no
f00f_bug	: no
coma_bug	: no
fpu		: yes
fpu_exception	: yes
cpuid level	: 13
wp		: yes
flags		: fpu vme de pse tsc msr pae mce cx8 apic sep mtrr pge mca cmov pat pse36 clflush dts acpi mmx fxsr sse sse2 ss ht tm pbe nx lm constant_tsc arch_perfmon pebs bts aperfmperf pni dtes64 monitor ds_cpl est tm2 ssse3 cx16 xtpr pdcm sse4_1 xsave lahf_lm dtherm
bogomips	: 4655.31
clflush size	: 64
cache_alignment	: 64
address sizes	: 36 bits physical, 48 bits virtual
power management:

processor	: 3
vendor_id	: GenuineIntel
cpu family	: 6
model		: 23
model name	: Intel(R) Core(TM)2 Quad CPU    Q8200  @ 2.33GHz
stepping	: 10
microcode	: 0xa07
cpu MHz		: 2003.000
cache size	: 2048 KB
physical id	: 0
siblings	: 4
core id		: 3
cpu cores	: 4
apicid		: 3
initial apicid	: 3
fdiv_bug	: no
f00f_bug	: no
coma_bug	: no
fpu		: yes
fpu_exception	: yes
cpuid level	: 13
wp		: yes
flags		: fpu vme de pse tsc msr pae mce cx8 apic sep mtrr pge mca cmov pat pse36 clflush dts acpi mmx fxsr sse sse2 ss ht tm pbe nx lm constant_tsc arch_perfmon pebs bts aperfmperf pni dtes64 monitor ds_cpl est tm2 ssse3 cx16 xtpr pdcm sse4_1 xsave lahf_lm dtherm
bogomips	: 4655.31
clflush size	: 64
cache_alignment	: 64
address sizes	: 36 bits physical, 48 bits virtual
power management:



Memory: 4k page, physical 2054768k(886492k free), swap 5979128k(5952164k free)

vm_info: OpenJDK Server VM (24.121-b00) for linux-x86 JRE (1.7.0_121-b00), built on Nov 16 2016 00:46:53 by "buildd" with gcc 4.8.4

time: Mon Jul 17 14:32:28 2017
elapsed time: 1607 seconds

