#
# A fatal error has been detected by the Java Runtime Environment:
#
#  SIGSEGV (0xb) at pc=0xb3347b9d, pid=4899, tid=2281704256
#
# JRE version: OpenJDK Runtime Environment (7.0_121) (build 1.7.0_121-b00)
# Java VM: OpenJDK Server VM (24.121-b00 mixed mode linux-x86 )
# Derivative: IcedTea 2.6.8
# Distribution: Ubuntu 14.04 LTS, package 7u121-2.6.8-1ubuntu0.14.04.1
# Problematic frame:
# v  ~BufferBlob::jni_fast_GetLongField
#
# Failed to write core dump. Core dumps have been disabled. To enable core dumping, try "ulimit -c unlimited" before starting Java again
#
# If you would like to submit a bug report, please include
# instructions on how to reproduce the bug and visit:
#   http://icedtea.classpath.org/bugzilla
# The crash happened outside the Java Virtual Machine in native code.
# See problematic frame for where to report the bug.
#

---------------  T H R E A D  ---------------

Current thread (0x887a4000):  JavaThread "AWT-XAWT" daemon [_thread_in_native, id=4914, stack(0x87fb0000,0x88001000)]

siginfo:si_signo=SIGSEGV: si_errno=0, si_code=1 (SEGV_MAPERR), si_addr=0x00000000

Registers:
EAX=0x00000000, EBX=0x89049000, ECX=0x00000010, EDX=0x00000000
ESP=0x87fffe18, EBP=0x87fffe68, ESI=0x00000042, EDI=0x887a4128
EIP=0xb3347b9d, EFLAGS=0x00010246, CR2=0x00000000

Top of Stack: (sp=0x87fffe18)
0x87fffe18:   00000000 8901b793 887a4128 00000000
0x87fffe28:   00000042 00000000 00000000 00000000
0x87fffe38:   62270301 887a4128 ff080000 19000047
0x87fffe48:   87fffe68 8901b864 b70d71c0 00010002
0x87fffe58:   8901b76f 88642000 87d9a310 00000000
0x87fffe68:   88db3738 8856ee18 88db3738 00000000
0x87fffe78:   00000000 b7528100 87fffe90 87fffee8
0x87fffe88:   8856edb9 88642000 87d9a288 01000003 

Instructions: (pc=0xb3347b9d)
0xb3347b7d:   00 00 00 56 8b 0d 0c 24 0f b7 f6 c1 01 0f 85 30
0xb3347b8d:   00 00 00 8b c1 83 e0 01 8b 54 04 0c 8b 74 24 10
0xb3347b9d:   8b 12 c1 ee 02 8b 04 32 8b 54 32 04 be 0c 24 0f
0xb3347bad:   b7 33 f2 33 f0 33 f2 33 f0 3b 0e 0f 85 02 00 00 

Register to memory mapping:

EAX=0x00000000 is an unknown value
EBX=0x89049000: <offset 0x49000> in /usr/lib/jvm/java-7-openjdk-i386/jre/lib/i386/xawt/libmawt.so at 0x89000000
ECX=0x00000010 is an unknown value
EDX=0x00000000 is an unknown value
ESP=0x87fffe18 is pointing into the stack for thread: 0x887a4000
EBP=0x87fffe68 is pointing into the stack for thread: 0x887a4000
ESI=0x00000042 is an unknown value
EDI=0x887a4128 is an unknown value


Stack: [0x87fb0000,0x88001000],  sp=0x87fffe18,  free space=319k
Native frames: (J=compiled Java code, j=interpreted, Vv=VM code, C=native code)
v  ~BufferBlob::jni_fast_GetLongField

Java frames: (J=compiled Java code, j=interpreted, Vv=VM code)
j  sun.awt.X11.XlibWrapper.XFilterEvent(JJ)Z+0
j  sun.awt.X11.XToolkit.run(Z)V+300
j  sun.awt.X11.XToolkit.run()V+5
j  java.lang.Thread.run()V+11
v  ~StubRoutines::call_stub

---------------  P R O C E S S  ---------------

Java Threads: ( => current thread )
  0x8ac07800 JavaThread "XToolkt-Shutdown-Thread" [_thread_blocked, id=6034, stack(0x87b15000,0x87b66000)]
  0x88e04000 JavaThread "SIGHUP handler" daemon [_thread_blocked, id=6026, stack(0x87bb9000,0x87c0a000)]
  0x09dbf000 JavaThread "AWT-EventQueue-1" [_thread_blocked, id=4921, stack(0x87caf000,0x87d00000)]
  0x8a922400 JavaThread "TimerQueue" daemon [_thread_blocked, id=4920, stack(0x87c5e000,0x87caf000)]
  0xb6307800 JavaThread "DestroyJavaVM" [_thread_blocked, id=4900, stack(0xb64e4000,0xb6535000)]
  0x887b7400 JavaThread "AWT-EventQueue-0" [_thread_blocked, id=4918, stack(0x87ebd000,0x87f0e000)]
  0x887b5400 JavaThread "AWT-Shutdown" [_thread_blocked, id=4917, stack(0x87f0e000,0x87f5f000)]
  0x887ad000 JavaThread "thread applet-AdmissionDetails.class" [_thread_blocked, id=4916, stack(0x87f5f000,0x87fb0000)]
=>0x887a4000 JavaThread "AWT-XAWT" daemon [_thread_in_native, id=4914, stack(0x87fb0000,0x88001000)]
  0x88791000 JavaThread "Java2D Disposer" daemon [_thread_blocked, id=4913, stack(0x88001000,0x88052000)]
  0x88f9c000 JavaThread "Service Thread" daemon [_thread_blocked, id=4911, stack(0x8890b000,0x8895c000)]
  0x88f9a800 JavaThread "C2 CompilerThread1" daemon [_thread_blocked, id=4910, stack(0x8895c000,0x889dd000)]
  0x88f98800 JavaThread "C2 CompilerThread0" daemon [_thread_blocked, id=4909, stack(0x889dd000,0x88a5e000)]
  0x88f96c00 JavaThread "Signal Dispatcher" daemon [_thread_blocked, id=4908, stack(0x88a5e000,0x88aaf000)]
  0x88f85400 JavaThread "Finalizer" daemon [_thread_blocked, id=4907, stack(0x88caf000,0x88d00000)]
  0x88f83800 JavaThread "Reference Handler" daemon [_thread_blocked, id=4906, stack(0x8aa2e000,0x8aa7f000)]

Other Threads:
  0x88f81000 VMThread [stack: 0x8904c000,0x890cd000] [id=4905]
  0x88f9e000 WatcherThread [stack: 0x8888a000,0x8890b000] [id=4912]

VM state:not at safepoint (normal execution)

VM Mutex/Monitor currently owned by a thread: None

Heap
 PSYoungGen      total 3584K, used 2134K [0xa8780000, 0xa8e40000, 0xb3240000)
  eden space 3072K, 52% used [0xa8780000,0xa89168a8,0xa8a80000)
  from space 512K, 99% used [0xa8dc0000,0xa8e3f220,0xa8e40000)
  to   space 512K, 0% used [0xa8a80000,0xa8a80000,0xa8b00000)
 ParOldGen       total 5632K, used 1808K [0x93240000, 0x937c0000, 0xa8780000)
  object space 5632K, 32% used [0x93240000,0x93404258,0x937c0000)
 PSPermGen       total 16384K, used 8282K [0x8b240000, 0x8c240000, 0x93240000)
  object space 16384K, 50% used [0x8b240000,0x8ba56900,0x8c240000)

Card table byte_map: [0x8b0ff000,0x8b240000] byte_map_base: 0x8aca5e00

Polling page: 0xb76f7000

Code Cache  [0xb3300000, 0xb3540000, 0xb6300000)
 total_blobs=396 nmethods=164 adapters=186 free_code_cache=48656Kb largest_free_block=49802304

Compilation events (10 events):
Event: 18.340 Thread 0x88f98800  164  s!         java.awt.Toolkit::getDefaultToolkit (43 bytes)
Event: 18.341 Thread 0x88f98800 nmethod 164 0xb335c308 code [0xb335c420, 0xb335c5d0]
Event: 19.011 Thread 0x88f9a800  165             java.awt.Component::isLightweight (8 bytes)
Event: 19.011 Thread 0x88f9a800 nmethod 165 0xb337df08 code [0xb337e000, 0xb337e090]
Event: 19.813 Thread 0x88f9a800  166             java.lang.Boolean::booleanValue (5 bytes)
Event: 19.813 Thread 0x88f9a800 nmethod 166 0xb337ce88 code [0xb337cf60, 0xb337cfb0]
Event: 20.958 Thread 0x88f98800  167             java.awt.Point::<init> (15 bytes)
Event: 20.958 Thread 0x88f9a800  168             java.awt.geom.Point2D::<init> (5 bytes)
Event: 20.959 Thread 0x88f9a800 nmethod 168 0xb335c188 code [0xb335c260, 0xb335c2b0]
Event: 20.959 Thread 0x88f98800 nmethod 167 0xb335c008 code [0xb335c0e0, 0xb335c130]

GC Heap History (8 events):
Event: 0.472 GC heap before
{Heap before GC invocations=1 (full 0):
 PSYoungGen      total 3584K, used 3072K [0xa8780000, 0xa8b80000, 0xb3240000)
  eden space 3072K, 100% used [0xa8780000,0xa8a80000,0xa8a80000)
  from space 512K, 0% used [0xa8b00000,0xa8b00000,0xa8b80000)
  to   space 512K, 0% used [0xa8a80000,0xa8a80000,0xa8b00000)
 ParOldGen       total 5632K, used 0K [0x93240000, 0x937c0000, 0xa8780000)
  object space 5632K, 0% used [0x93240000,0x93240000,0x937c0000)
 PSPermGen       total 16384K, used 7106K [0x8b240000, 0x8c240000, 0x93240000)
  object space 16384K, 43% used [0x8b240000,0x8b930848,0x8c240000)
Event: 0.477 GC heap after
Heap after GC invocations=1 (full 0):
 PSYoungGen      total 3584K, used 504K [0xa8780000, 0xa8e80000, 0xb3240000)
  eden space 3072K, 0% used [0xa8780000,0xa8780000,0xa8a80000)
  from space 512K, 98% used [0xa8a80000,0xa8afe050,0xa8b00000)
  to   space 512K, 0% used [0xa8e00000,0xa8e00000,0xa8e80000)
 ParOldGen       total 5632K, used 763K [0x93240000, 0x937c0000, 0xa8780000)
  object space 5632K, 13% used [0x93240000,0x932feef8,0x937c0000)
 PSPermGen       total 16384K, used 7106K [0x8b240000, 0x8c240000, 0x93240000)
  object space 16384K, 43% used [0x8b240000,0x8b930848,0x8c240000)
}
Event: 4.138 GC heap before
{Heap before GC invocations=2 (full 0):
 PSYoungGen      total 3584K, used 3576K [0xa8780000, 0xa8e80000, 0xb3240000)
  eden space 3072K, 100% used [0xa8780000,0xa8a80000,0xa8a80000)
  from space 512K, 98% used [0xa8a80000,0xa8afe050,0xa8b00000)
  to   space 512K, 0% used [0xa8e00000,0xa8e00000,0xa8e80000)
 ParOldGen       total 5632K, used 763K [0x93240000, 0x937c0000, 0xa8780000)
  object space 5632K, 13% used [0x93240000,0x932feef8,0x937c0000)
 PSPermGen       total 16384K, used 8168K [0x8b240000, 0x8c240000, 0x93240000)
  object space 16384K, 49% used [0x8b240000,0x8ba3a198,0x8c240000)
Event: 4.143 GC heap after
Heap after GC invocations=2 (full 0):
 PSYoungGen      total 3584K, used 508K [0xa8780000, 0xa8e80000, 0xb3240000)
  eden space 3072K, 0% used [0xa8780000,0xa8780000,0xa8a80000)
  from space 512K, 99% used [0xa8e00000,0xa8e7f220,0xa8e80000)
  to   space 512K, 0% used [0xa8a80000,0xa8a80000,0xa8b00000)
 ParOldGen       total 5632K, used 1556K [0x93240000, 0x937c0000, 0xa8780000)
  object space 5632K, 27% used [0x93240000,0x933c5250,0x937c0000)
 PSPermGen       total 16384K, used 8168K [0x8b240000, 0x8c240000, 0x93240000)
  object space 16384K, 49% used [0x8b240000,0x8ba3a198,0x8c240000)
}
Event: 8.547 GC heap before
{Heap before GC invocations=3 (full 0):
 PSYoungGen      total 3584K, used 3580K [0xa8780000, 0xa8e80000, 0xb3240000)
  eden space 3072K, 100% used [0xa8780000,0xa8a80000,0xa8a80000)
  from space 512K, 99% used [0xa8e00000,0xa8e7f220,0xa8e80000)
  to   space 512K, 0% used [0xa8a80000,0xa8a80000,0xa8b00000)
 ParOldGen       total 5632K, used 1556K [0x93240000, 0x937c0000, 0xa8780000)
  object space 5632K, 27% used [0x93240000,0x933c5250,0x937c0000)
 PSPermGen       total 16384K, used 8198K [0x8b240000, 0x8c240000, 0x93240000)
  object space 16384K, 50% used [0x8b240000,0x8ba41ab0,0x8c240000)
Event: 8.552 GC heap after
Heap after GC invocations=3 (full 0):
 PSYoungGen      total 3584K, used 499K [0xa8780000, 0xa8e40000, 0xb3240000)
  eden space 3072K, 0% used [0xa8780000,0xa8780000,0xa8a80000)
  from space 512K, 97% used [0xa8a80000,0xa8afce08,0xa8b00000)
  to   space 512K, 0% used [0xa8dc0000,0xa8dc0000,0xa8e40000)
 ParOldGen       total 5632K, used 1748K [0x93240000, 0x937c0000, 0xa8780000)
  object space 5632K, 31% used [0x93240000,0x933f5258,0x937c0000)
 PSPermGen       total 16384K, used 8198K [0x8b240000, 0x8c240000, 0x93240000)
  object space 16384K, 50% used [0x8b240000,0x8ba41ab0,0x8c240000)
}
Event: 15.475 GC heap before
{Heap before GC invocations=4 (full 0):
 PSYoungGen      total 3584K, used 3571K [0xa8780000, 0xa8e40000, 0xb3240000)
  eden space 3072K, 100% used [0xa8780000,0xa8a80000,0xa8a80000)
  from space 512K, 97% used [0xa8a80000,0xa8afce08,0xa8b00000)
  to   space 512K, 0% used [0xa8dc0000,0xa8dc0000,0xa8e40000)
 ParOldGen       total 5632K, used 1748K [0x93240000, 0x937c0000, 0xa8780000)
  object space 5632K, 31% used [0x93240000,0x933f5258,0x937c0000)
 PSPermGen       total 16384K, used 8226K [0x8b240000, 0x8c240000, 0x93240000)
  object space 16384K, 50% used [0x8b240000,0x8ba48b28,0x8c240000)
Event: 15.483 GC heap after
Heap after GC invocations=4 (full 0):
 PSYoungGen      total 3584K, used 508K [0xa8780000, 0xa8e40000, 0xb3240000)
  eden space 3072K, 0% used [0xa8780000,0xa8780000,0xa8a80000)
  from space 512K, 99% used [0xa8dc0000,0xa8e3f220,0xa8e40000)
  to   space 512K, 0% used [0xa8a80000,0xa8a80000,0xa8b00000)
 ParOldGen       total 5632K, used 1808K [0x93240000, 0x937c0000, 0xa8780000)
  object space 5632K, 32% used [0x93240000,0x93404258,0x937c0000)
 PSPermGen       total 16384K, used 8226K [0x8b240000, 0x8c240000, 0x93240000)
  object space 16384K, 50% used [0x8b240000,0x8ba48b28,0x8c240000)
}

Deoptimization events (10 events):
Event: 0.327 Thread 0x887b7400 Uncommon trap: reason=unstable_if action=reinterpret pc=0xb3355cf4 method=java.util.Properties.loadConvert([CII[C)Ljava/lang/String; @ 57
Event: 0.391 Thread 0x09dbf000 Uncommon trap: reason=unstable_if action=reinterpret pc=0xb335ab08 method=java.util.Properties$LineReader.readLine()I @ 172
Event: 0.392 Thread 0x09dbf000 Uncommon trap: reason=unstable_if action=reinterpret pc=0xb335c164 method=java.util.Properties.load0(Ljava/util/Properties$LineReader;)V @ 56
Event: 3.416 Thread 0x09dbf000 Uncommon trap: reason=unstable_if action=reinterpret pc=0xb3360d78 method=sun.awt.image.ByteInterleavedRaster.getDataElements(IILjava/lang/Object;)Ljava/lang/Object; @ 43
Event: 3.420 Thread 0x09dbf000 Uncommon trap: reason=unstable_if action=reinterpret pc=0xb3364f30 method=sun.java2d.loops.OpaqueCopyAnyToArgb.Blit(Lsun/java2d/SurfaceData;Lsun/java2d/SurfaceData;Ljava/awt/Composite;Lsun/java2d/pipe/Region;IIIIII)V @ 150
Event: 9.642 Thread 0x09dbf000 Uncommon trap: reason=unstable_if action=reinterpret pc=0xb336df1c method=java.util.HashMap.getEntry(Ljava/lang/Object;)Ljava/util/HashMap$Entry; @ 4
Event: 9.642 Thread 0x09dbf000 Uncommon trap: reason=unstable_if action=reinterpret pc=0xb3374294 method=java.lang.Long.valueOf(J)Ljava/lang/Long; @ 17
Event: 9.642 Thread 0x09dbf000 Uncommon trap: reason=unstable_if action=reinterpret pc=0xb336a954 method=java.util.HashMap.getEntry(Ljava/lang/Object;)Ljava/util/HashMap$Entry; @ 4
Event: 9.642 Thread 0x09dbf000 Uncommon trap: reason=unstable_if action=reinterpret pc=0xb3370594 method=java.lang.Long.valueOf(J)Ljava/lang/Long; @ 17
Event: 22.933 Thread 0x09dbf000 Uncommon trap: reason=unstable_if action=reinterpret pc=0xb337ca10 method=java.awt.EventQueue.eventToCacheIndex(Ljava/awt/AWTEvent;)I @ 60

Internal exceptions (10 events):
Event: 0.389 Thread 0x09dbf000 Threw 0xa89d66d0 at /build/openjdk-7-mks0zz/openjdk-7-7u121-2.6.8/build/openjdk/hotspot/src/share/vm/prims/jvm.cpp:1322
Event: 0.389 Thread 0x09dbf000 Threw 0xa89d6960 at /build/openjdk-7-mks0zz/openjdk-7-7u121-2.6.8/build/openjdk/hotspot/src/share/vm/prims/jvm.cpp:1322
Event: 0.436 Thread 0x09dbf000 Threw 0xa8a3e2c0 at /build/openjdk-7-mks0zz/openjdk-7-7u121-2.6.8/build/openjdk/hotspot/src/share/vm/prims/jvm.cpp:1322
Event: 0.436 Thread 0x09dbf000 Threw 0xa8a3e5d8 at /build/openjdk-7-mks0zz/openjdk-7-7u121-2.6.8/build/openjdk/hotspot/src/share/vm/prims/jvm.cpp:1322
Event: 0.436 Thread 0x09dbf000 Threw 0xa8a3e860 at /build/openjdk-7-mks0zz/openjdk-7-7u121-2.6.8/build/openjdk/hotspot/src/share/vm/prims/jvm.cpp:1322
Event: 0.478 Thread 0x09dbf000 Threw 0xa8788088 at /build/openjdk-7-mks0zz/openjdk-7-7u121-2.6.8/build/openjdk/hotspot/src/share/vm/prims/jvm.cpp:1322
Event: 0.478 Thread 0x09dbf000 Threw 0xa8788790 at /build/openjdk-7-mks0zz/openjdk-7-7u121-2.6.8/build/openjdk/hotspot/src/share/vm/prims/jvm.cpp:1322
Event: 0.480 Thread 0x09dbf000 Threw 0xa87abe50 at /build/openjdk-7-mks0zz/openjdk-7-7u121-2.6.8/build/openjdk/hotspot/src/share/vm/prims/jvm.cpp:1322
Event: 0.480 Thread 0x09dbf000 Threw 0xa87ac558 at /build/openjdk-7-mks0zz/openjdk-7-7u121-2.6.8/build/openjdk/hotspot/src/share/vm/prims/jvm.cpp:1322
Event: 3.416 Thread 0x09dbf000 Implicit null exception at 0xb3360bef to 0xb3360d61

Events (10 events):
Event: 1441.263 Thread 0x8ac07800 Thread added: 0x8ac07800
Event: 1441.263 loading class 0xb632d600
Event: 1441.332 loading class 0xb632e050 done
Event: 1441.332 loading class 0x87d20fb8
Event: 1441.332 loading class 0x87d20fb8 done
Event: 1441.332 loading class 0xb632f050
Event: 1441.332 loading class 0xb632d600 done
Event: 1441.416 loading class 0xb632f050 done
Event: 1441.416 loading class 0x88d465c8
Event: 1441.417 loading class 0x88d465c8 done


Dynamic libraries:
08048000-08049000 r-xp 00000000 08:08 2646435    /usr/lib/jvm/java-7-openjdk-i386/bin/appletviewer
08049000-0804a000 r--p 00000000 08:08 2646435    /usr/lib/jvm/java-7-openjdk-i386/bin/appletviewer
0804a000-0804b000 rw-p 00001000 08:08 2646435    /usr/lib/jvm/java-7-openjdk-i386/bin/appletviewer
09db8000-09df0000 rw-p 00000000 00:00 0          [heap]
87800000-87822000 rw-p 00000000 00:00 0 
87822000-87900000 ---p 00000000 00:00 0 
87a00000-87a45000 rw-p 00000000 00:00 0 
87a45000-87b00000 ---p 00000000 00:00 0 
87b15000-87b18000 ---p 00000000 00:00 0 
87b18000-87b66000 rw-p 00000000 00:00 0          [stack:6034]
87b66000-87bb8000 rw-s 00000000 00:04 14614561   /SYSV00000000 (deleted)
87bb9000-87bbc000 ---p 00000000 00:00 0 
87bbc000-87c0a000 rw-p 00000000 00:00 0          [stack:6026]
87c0a000-87c5e000 rw-s 00000000 00:04 14712854   /SYSV00000000 (deleted)
87c5e000-87c61000 ---p 00000000 00:00 0 
87c61000-87caf000 rw-p 00000000 00:00 0          [stack:4920]
87caf000-87cb2000 ---p 00000000 00:00 0 
87cb2000-87d00000 rw-p 00000000 00:00 0          [stack:4921]
87d00000-87deb000 rw-p 00000000 00:00 0 
87deb000-87e00000 ---p 00000000 00:00 0 
87e4a000-87e4f000 r-xp 00000000 08:08 1049637    /lib/i386-linux-gnu/libnss_dns-2.19.so
87e4f000-87e50000 r--p 00004000 08:08 1049637    /lib/i386-linux-gnu/libnss_dns-2.19.so
87e50000-87e51000 rw-p 00005000 08:08 1049637    /lib/i386-linux-gnu/libnss_dns-2.19.so
87e57000-87e68000 r-xp 00000000 08:08 2635069    /usr/lib/jvm/java-7-openjdk-i386/jre/lib/i386/libnio.so
87e68000-87e69000 r--p 00010000 08:08 2635069    /usr/lib/jvm/java-7-openjdk-i386/jre/lib/i386/libnio.so
87e69000-87e6a000 rw-p 00011000 08:08 2635069    /usr/lib/jvm/java-7-openjdk-i386/jre/lib/i386/libnio.so
87e6a000-87eba000 r-xp 00000000 08:08 2635063    /usr/lib/jvm/java-7-openjdk-i386/jre/lib/i386/libfontmanager.so
87eba000-87ebc000 r--p 0004f000 08:08 2635063    /usr/lib/jvm/java-7-openjdk-i386/jre/lib/i386/libfontmanager.so
87ebc000-87ebd000 rw-p 00051000 08:08 2635063    /usr/lib/jvm/java-7-openjdk-i386/jre/lib/i386/libfontmanager.so
87ebd000-87ec0000 ---p 00000000 00:00 0 
87ec0000-87f0e000 rw-p 00000000 00:00 0          [stack:4918]
87f0e000-87f11000 ---p 00000000 00:00 0 
87f11000-87f5f000 rw-p 00000000 00:00 0          [stack:4917]
87f5f000-87f62000 ---p 00000000 00:00 0 
87f62000-87fb0000 rw-p 00000000 00:00 0          [stack:4916]
87fb0000-87fb3000 ---p 00000000 00:00 0 
87fb3000-88001000 rw-p 00000000 00:00 0          [stack:4914]
88001000-88004000 ---p 00000000 00:00 0 
88004000-88052000 rw-p 00000000 00:00 0          [stack:4913]
88052000-8806a000 r-xp 00000000 08:08 2635093    /usr/lib/jvm/java-7-openjdk-i386/jre/lib/i386/libnet.so
8806a000-8806b000 r--p 00017000 08:08 2635093    /usr/lib/jvm/java-7-openjdk-i386/jre/lib/i386/libnet.so
8806b000-8806c000 rw-p 00018000 08:08 2635093    /usr/lib/jvm/java-7-openjdk-i386/jre/lib/i386/libnet.so
8806c000-880a8000 r-xp 00000000 08:08 1049667    /lib/i386-linux-gnu/libpcre.so.3.13.1
880a8000-880a9000 r--p 0003b000 08:08 1049667    /lib/i386-linux-gnu/libpcre.so.3.13.1
880a9000-880aa000 rw-p 0003c000 08:08 1049667    /lib/i386-linux-gnu/libpcre.so.3.13.1
880aa000-880d0000 r-xp 00000000 08:08 1049679    /lib/i386-linux-gnu/libpng12.so.0.50.0
880d0000-880d1000 r--p 00025000 08:08 1049679    /lib/i386-linux-gnu/libpng12.so.0.50.0
880d1000-880d2000 rw-p 00026000 08:08 1049679    /lib/i386-linux-gnu/libpng12.so.0.50.0
880d2000-880e5000 r-xp 00000000 08:08 1049690    /lib/i386-linux-gnu/libresolv-2.19.so
880e5000-880e6000 ---p 00013000 08:08 1049690    /lib/i386-linux-gnu/libresolv-2.19.so
880e6000-880e7000 r--p 00013000 08:08 1049690    /lib/i386-linux-gnu/libresolv-2.19.so
880e7000-880e8000 rw-p 00014000 08:08 1049690    /lib/i386-linux-gnu/libresolv-2.19.so
880e8000-880ea000 rw-p 00000000 00:00 0 
880ea000-8810a000 r-xp 00000000 08:08 1049694    /lib/i386-linux-gnu/libselinux.so.1
8810a000-8810b000 r--p 0001f000 08:08 1049694    /lib/i386-linux-gnu/libselinux.so.1
8810b000-8810c000 rw-p 00020000 08:08 1049694    /lib/i386-linux-gnu/libselinux.so.1
8810c000-8810d000 rw-p 00000000 00:00 0 
8810d000-88217000 r-xp 00000000 08:08 1048596    /lib/i386-linux-gnu/libglib-2.0.so.0.4002.0
88217000-88218000 r--p 00109000 08:08 1048596    /lib/i386-linux-gnu/libglib-2.0.so.0.4002.0
88218000-88219000 rw-p 0010a000 08:08 1048596    /lib/i386-linux-gnu/libglib-2.0.so.0.4002.0
88219000-8823e000 r-xp 00000000 08:08 1049586    /lib/i386-linux-gnu/libexpat.so.1.6.0
8823e000-8823f000 ---p 00025000 08:08 1049586    /lib/i386-linux-gnu/libexpat.so.1.6.0
8823f000-88241000 r--p 00025000 08:08 1049586    /lib/i386-linux-gnu/libexpat.so.1.6.0
88241000-88242000 rw-p 00027000 08:08 1049586    /lib/i386-linux-gnu/libexpat.so.1.6.0
88242000-882dc000 r-xp 00000000 08:08 2627073    /usr/lib/i386-linux-gnu/libfreetype.so.6.11.1
882dc000-882e0000 r--p 0009a000 08:08 2627073    /usr/lib/i386-linux-gnu/libfreetype.so.6.11.1
882e0000-882e1000 rw-p 0009e000 08:08 2627073    /usr/lib/i386-linux-gnu/libfreetype.so.6.11.1
882e1000-88301000 r-xp 00000000 08:08 2627817    /usr/lib/i386-linux-gnu/libxcb.so.1.1.0
88301000-88302000 r--p 0001f000 08:08 2627817    /usr/lib/i386-linux-gnu/libxcb.so.1.1.0
88302000-88303000 rw-p 00020000 08:08 2627817    /usr/lib/i386-linux-gnu/libxcb.so.1.1.0
88303000-88353000 r-xp 00000000 08:08 2621826    /usr/lib/i386-linux-gnu/libgobject-2.0.so.0.4002.0
88353000-88354000 r--p 0004f000 08:08 2621826    /usr/lib/i386-linux-gnu/libgobject-2.0.so.0.4002.0
88354000-88355000 rw-p 00050000 08:08 2621826    /usr/lib/i386-linux-gnu/libgobject-2.0.so.0.4002.0
88355000-884d2000 r-xp 00000000 08:08 2621895    /usr/lib/i386-linux-gnu/libgio-2.0.so.0.4002.0
884d2000-884d4000 r--p 0017d000 08:08 2621895    /usr/lib/i386-linux-gnu/libgio-2.0.so.0.4002.0
884d4000-884d5000 rw-p 0017f000 08:08 2621895    /usr/lib/i386-linux-gnu/libgio-2.0.so.0.4002.0
884d5000-884d6000 rw-p 00000000 00:00 0 
884d6000-8850f000 r-xp 00000000 08:08 2627045    /usr/lib/i386-linux-gnu/libfontconfig.so.1.8.0
8850f000-88510000 r--p 00039000 08:08 2627045    /usr/lib/i386-linux-gnu/libfontconfig.so.1.8.0
88510000-88511000 rw-p 0003a000 08:08 2627045    /usr/lib/i386-linux-gnu/libfontconfig.so.1.8.0
88511000-88641000 r-xp 00000000 08:08 2626749    /usr/lib/i386-linux-gnu/libX11.so.6.3.0
88641000-88642000 r--p 00130000 08:08 2626749    /usr/lib/i386-linux-gnu/libX11.so.6.3.0
88642000-88644000 rw-p 00131000 08:08 2626749    /usr/lib/i386-linux-gnu/libX11.so.6.3.0
88644000-88645000 rw-p 00000000 00:00 0 
88645000-886d4000 r-xp 00000000 08:08 2635097    /usr/lib/jvm/java-7-openjdk-i386/jre/lib/i386/libawt.so
886d4000-886d5000 r--p 0008f000 08:08 2635097    /usr/lib/jvm/java-7-openjdk-i386/jre/lib/i386/libawt.so
886d5000-886dc000 rw-p 00090000 08:08 2635097    /usr/lib/jvm/java-7-openjdk-i386/jre/lib/i386/libawt.so
886dc000-88700000 rw-p 00000000 00:00 0 
88700000-88800000 rw-p 00000000 00:00 0 
88801000-88805000 r-xp 00000000 08:08 2626768    /usr/lib/i386-linux-gnu/libXfixes.so.3.1.0
88805000-88806000 r--p 00003000 08:08 2626768    /usr/lib/i386-linux-gnu/libXfixes.so.3.1.0
88806000-88807000 rw-p 00004000 08:08 2626768    /usr/lib/i386-linux-gnu/libXfixes.so.3.1.0
88807000-8880c000 r-xp 00000000 08:08 2626764    /usr/lib/i386-linux-gnu/libXdmcp.so.6.0.0
8880c000-8880d000 r--p 00004000 08:08 2626764    /usr/lib/i386-linux-gnu/libXdmcp.so.6.0.0
8880d000-8880e000 rw-p 00005000 08:08 2626764    /usr/lib/i386-linux-gnu/libXdmcp.so.6.0.0
8880e000-8881d000 r-xp 00000000 08:08 2626774    /usr/lib/i386-linux-gnu/libXi.so.6.1.0
8881d000-8881e000 r--p 0000e000 08:08 2626774    /usr/lib/i386-linux-gnu/libXi.so.6.1.0
8881e000-8881f000 rw-p 0000f000 08:08 2626774    /usr/lib/i386-linux-gnu/libXi.so.6.1.0
8881f000-8888a000 r--s 0069c000 08:08 2646356    /usr/lib/jvm/java-7-openjdk-i386/lib/tools.jar
8888a000-8888b000 ---p 00000000 00:00 0 
8888b000-8890b000 rw-p 00000000 00:00 0          [stack:4912]
8890b000-8890e000 ---p 00000000 00:00 0 
8890e000-8895c000 rw-p 00000000 00:00 0          [stack:4911]
8895c000-8895f000 ---p 00000000 00:00 0 
8895f000-889dd000 rw-p 00000000 00:00 0          [stack:4910]
889dd000-889e0000 ---p 00000000 00:00 0 
889e0000-88a5e000 rw-p 00000000 00:00 0          [stack:4909]
88a5e000-88a61000 ---p 00000000 00:00 0 
88a61000-88aaf000 rw-p 00000000 00:00 0          [stack:4908]
88aaf000-88caf000 r--p 00000000 08:08 2630260    /usr/lib/locale/locale-archive
88caf000-88cb2000 ---p 00000000 00:00 0 
88cb2000-88d00000 rw-p 00000000 00:00 0          [stack:4907]
88d00000-88dff000 rw-p 00000000 00:00 0 
88dff000-88e00000 ---p 00000000 00:00 0 
88e00000-88e21000 rw-p 00000000 00:00 0 
88e21000-88f00000 ---p 00000000 00:00 0 
88f00000-88ffd000 rw-p 00000000 00:00 0 
88ffd000-89000000 ---p 00000000 00:00 0 
89000000-89048000 r-xp 00000000 08:08 2635034    /usr/lib/jvm/java-7-openjdk-i386/jre/lib/i386/xawt/libmawt.so
89048000-89049000 r--p 00048000 08:08 2635034    /usr/lib/jvm/java-7-openjdk-i386/jre/lib/i386/xawt/libmawt.so
89049000-8904b000 rw-p 00049000 08:08 2635034    /usr/lib/jvm/java-7-openjdk-i386/jre/lib/i386/xawt/libmawt.so
8904b000-8904c000 rw-p 00000000 00:00 0 
8904c000-8904d000 ---p 00000000 00:00 0 
8904d000-890cd000 rw-p 00000000 00:00 0          [stack:4905]
890cd000-89280000 r--s 01d41000 08:08 2635051    /usr/lib/jvm/java-7-openjdk-i386/jre/lib/rt.jar
89280000-8a900000 rw-p 00000000 00:00 0 
8a900000-8aa00000 rw-p 00000000 00:00 0 
8aa04000-8aa09000 r-xp 00000000 08:08 2627031    /usr/lib/i386-linux-gnu/libffi.so.6.0.1
8aa09000-8aa0a000 r--p 00005000 08:08 2627031    /usr/lib/i386-linux-gnu/libffi.so.6.0.1
8aa0a000-8aa0b000 rw-p 00006000 08:08 2627031    /usr/lib/i386-linux-gnu/libffi.so.6.0.1
8aa0b000-8aa0e000 r-xp 00000000 08:08 2625570    /usr/lib/i386-linux-gnu/libgmodule-2.0.so.0.4002.0
8aa0e000-8aa0f000 r--p 00002000 08:08 2625570    /usr/lib/i386-linux-gnu/libgmodule-2.0.so.0.4002.0
8aa0f000-8aa10000 rw-p 00003000 08:08 2625570    /usr/lib/i386-linux-gnu/libgmodule-2.0.so.0.4002.0
8aa10000-8aa19000 r-xp 00000000 08:08 2626788    /usr/lib/i386-linux-gnu/libXrender.so.1.3.0
8aa19000-8aa1a000 r--p 00008000 08:08 2626788    /usr/lib/i386-linux-gnu/libXrender.so.1.3.0
8aa1a000-8aa1b000 rw-p 00009000 08:08 2626788    /usr/lib/i386-linux-gnu/libXrender.so.1.3.0
8aa1b000-8aa2c000 r-xp 00000000 08:08 2626766    /usr/lib/i386-linux-gnu/libXext.so.6.4.0
8aa2c000-8aa2d000 r--p 00010000 08:08 2626766    /usr/lib/i386-linux-gnu/libXext.so.6.4.0
8aa2d000-8aa2e000 rw-p 00011000 08:08 2626766    /usr/lib/i386-linux-gnu/libXext.so.6.4.0
8aa2e000-8aa31000 ---p 00000000 00:00 0 
8aa31000-8aa7f000 rw-p 00000000 00:00 0          [stack:4906]
8aa7f000-8aa80000 ---p 00000000 00:00 0 
8aa80000-8ab00000 rw-p 00000000 00:00 0          [stack:4904]
8ab00000-8ab21000 rw-p 00000000 00:00 0 
8ab21000-8ac00000 ---p 00000000 00:00 0 
8ac00000-8ac21000 rw-p 00000000 00:00 0 
8ac21000-8ad00000 ---p 00000000 00:00 0 
8ad00000-8ad02000 r-xp 00000000 08:08 1049645    /lib/i386-linux-gnu/libnss_mdns4_minimal.so.2
8ad02000-8ad03000 r--p 00001000 08:08 1049645    /lib/i386-linux-gnu/libnss_mdns4_minimal.so.2
8ad03000-8ad04000 rw-p 00002000 08:08 1049645    /lib/i386-linux-gnu/libnss_mdns4_minimal.so.2
8ad04000-8ad0d000 r-xp 00000000 08:08 2626760    /usr/lib/i386-linux-gnu/libXcursor.so.1.0.2
8ad0d000-8ad0e000 r--p 00008000 08:08 2626760    /usr/lib/i386-linux-gnu/libXcursor.so.1.0.2
8ad0e000-8ad0f000 rw-p 00009000 08:08 2626760    /usr/lib/i386-linux-gnu/libXcursor.so.1.0.2
8ad0f000-8ad19000 r--s 000ae000 08:08 2635049    /usr/lib/jvm/java-7-openjdk-i386/jre/lib/resources.jar
8ad19000-8ad24000 r--s 00203000 08:08 2635101    /usr/lib/jvm/java-7-openjdk-i386/jre/lib/charsets.jar
8ad24000-8ad7f000 rw-p 00000000 00:00 0 
8ad7f000-8ad80000 ---p 00000000 00:00 0 
8ad80000-8ae00000 rw-p 00000000 00:00 0          [stack:4903]
8ae00000-8ae21000 rw-p 00000000 00:00 0 
8ae21000-8af00000 ---p 00000000 00:00 0 
8af02000-8af07000 r-xp 00000000 08:08 2626794    /usr/lib/i386-linux-gnu/libXtst.so.6.1.0
8af07000-8af08000 r--p 00004000 08:08 2626794    /usr/lib/i386-linux-gnu/libXtst.so.6.1.0
8af08000-8af09000 rw-p 00005000 08:08 2626794    /usr/lib/i386-linux-gnu/libXtst.so.6.1.0
8af09000-8af52000 rw-p 00000000 00:00 0 
8af52000-8af53000 ---p 00000000 00:00 0 
8af53000-8afd3000 rw-p 00000000 00:00 0          [stack:4902]
8afd3000-8afd4000 ---p 00000000 00:00 0 
8afd4000-8b057000 rw-p 00000000 00:00 0          [stack:4901]
8b057000-8b0ff000 rw-p 00000000 00:00 0 
8b0ff000-8b107000 rw-p 00000000 00:00 0 
8b107000-8b13f000 rw-p 00000000 00:00 0 
8b13f000-8b142000 rw-p 00000000 00:00 0 
8b142000-8b1e9000 rw-p 00000000 00:00 0 
8b1e9000-8b1ed000 rw-p 00000000 00:00 0 
8b1ed000-8b1ee000 ---p 00000000 00:00 0 
8b1ee000-8b23f000 rw-p 00000000 00:00 0 
8b23f000-8c240000 rw-p 00000000 00:00 0 
8c240000-93240000 rw-p 00000000 00:00 0 
93240000-937c0000 rw-p 00000000 00:00 0 
937c0000-a8780000 rw-p 00000000 00:00 0 
a8780000-a8e40000 rw-p 00000000 00:00 0 
a8e40000-a8e80000 ---p 00000000 00:00 0 
a8e80000-b3240000 rw-p 00000000 00:00 0 
b3240000-b3249000 rw-p 00000000 00:00 0 
b3249000-b3300000 rw-p 00000000 00:00 0 
b3300000-b3540000 rwxp 00000000 00:00 0 
b3540000-b63ff000 rw-p 00000000 00:00 0 
b63ff000-b6400000 ---p 00000000 00:00 0 
b6400000-b6402000 r-xp 00000000 08:08 2626753    /usr/lib/i386-linux-gnu/libXau.so.6.0.0
b6402000-b6403000 r--p 00001000 08:08 2626753    /usr/lib/i386-linux-gnu/libXau.so.6.0.0
b6403000-b6404000 rw-p 00002000 08:08 2626753    /usr/lib/i386-linux-gnu/libXau.so.6.0.0
b6404000-b6406000 r-xp 00000000 08:08 2626758    /usr/lib/i386-linux-gnu/libXcomposite.so.1.0.0
b6406000-b6407000 r--p 00001000 08:08 2626758    /usr/lib/i386-linux-gnu/libXcomposite.so.1.0.0
b6407000-b6408000 rw-p 00002000 08:08 2626758    /usr/lib/i386-linux-gnu/libXcomposite.so.1.0.0
b6408000-b640a000 r--s 00012000 08:08 2635055    /usr/lib/jvm/java-7-openjdk-i386/jre/lib/ext/zipfs.jar
b640a000-b640c000 r--s 00006000 08:08 9863       /usr/share/java/java-atk-wrapper.jar
b640c000-b640f000 r--s 0000f000 08:08 2635057    /usr/lib/jvm/java-7-openjdk-i386/jre/lib/ext/icedtea-sound.jar
b640f000-b6426000 rw-p 00000000 00:00 0 
b6426000-b645e000 rw-p 00000000 00:00 0 
b645e000-b6469000 r-xp 00000000 08:08 1049639    /lib/i386-linux-gnu/libnss_files-2.19.so
b6469000-b646a000 r--p 0000a000 08:08 1049639    /lib/i386-linux-gnu/libnss_files-2.19.so
b646a000-b646b000 rw-p 0000b000 08:08 1049639    /lib/i386-linux-gnu/libnss_files-2.19.so
b646b000-b6475000 r-xp 00000000 08:08 1049649    /lib/i386-linux-gnu/libnss_nis-2.19.so
b6475000-b6476000 r--p 00009000 08:08 1049649    /lib/i386-linux-gnu/libnss_nis-2.19.so
b6476000-b6477000 rw-p 0000a000 08:08 1049649    /lib/i386-linux-gnu/libnss_nis-2.19.so
b6477000-b648c000 r-xp 00000000 08:08 1049633    /lib/i386-linux-gnu/libnsl-2.19.so
b648c000-b648d000 r--p 00015000 08:08 1049633    /lib/i386-linux-gnu/libnsl-2.19.so
b648d000-b648e000 rw-p 00016000 08:08 1049633    /lib/i386-linux-gnu/libnsl-2.19.so
b648e000-b6490000 rw-p 00000000 00:00 0 
b6490000-b6497000 r-xp 00000000 08:08 1049635    /lib/i386-linux-gnu/libnss_compat-2.19.so
b6497000-b6498000 r--p 00006000 08:08 1049635    /lib/i386-linux-gnu/libnss_compat-2.19.so
b6498000-b6499000 rw-p 00007000 08:08 1049635    /lib/i386-linux-gnu/libnss_compat-2.19.so
b6499000-b649d000 r--s 00034000 08:08 2635054    /usr/lib/jvm/java-7-openjdk-i386/jre/lib/ext/sunjce_provider.jar
b649d000-b64a0000 r--s 0003d000 08:08 2635053    /usr/lib/jvm/java-7-openjdk-i386/jre/lib/ext/sunpkcs11.jar
b64a0000-b64a8000 r-xp 00000000 08:08 2635091    /usr/lib/jvm/java-7-openjdk-i386/jre/lib/i386/libzip.so
b64a8000-b64a9000 r--p 00007000 08:08 2635091    /usr/lib/jvm/java-7-openjdk-i386/jre/lib/i386/libzip.so
b64a9000-b64aa000 rw-p 00008000 08:08 2635091    /usr/lib/jvm/java-7-openjdk-i386/jre/lib/i386/libzip.so
b64aa000-b64b2000 rw-s 00000000 08:08 1315484    /tmp/hsperfdata_student/4899
b64b2000-b64d9000 r-xp 00000000 08:08 2635090    /usr/lib/jvm/java-7-openjdk-i386/jre/lib/i386/libjava.so
b64d9000-b64da000 r--p 00026000 08:08 2635090    /usr/lib/jvm/java-7-openjdk-i386/jre/lib/i386/libjava.so
b64da000-b64db000 rw-p 00027000 08:08 2635090    /usr/lib/jvm/java-7-openjdk-i386/jre/lib/i386/libjava.so
b64db000-b64e2000 r-xp 00000000 08:08 1049692    /lib/i386-linux-gnu/librt-2.19.so
b64e2000-b64e3000 r--p 00006000 08:08 1049692    /lib/i386-linux-gnu/librt-2.19.so
b64e3000-b64e4000 rw-p 00007000 08:08 1049692    /lib/i386-linux-gnu/librt-2.19.so
b64e4000-b64e7000 ---p 00000000 00:00 0 
b64e7000-b6535000 rw-p 00000000 00:00 0          [stack:4900]
b6535000-b6551000 r-xp 00000000 08:08 1049591    /lib/i386-linux-gnu/libgcc_s.so.1
b6551000-b6552000 rw-p 0001b000 08:08 1049591    /lib/i386-linux-gnu/libgcc_s.so.1
b6552000-b6596000 r-xp 00000000 08:08 1049614    /lib/i386-linux-gnu/libm-2.19.so
b6596000-b6597000 r--p 00043000 08:08 1049614    /lib/i386-linux-gnu/libm-2.19.so
b6597000-b6598000 rw-p 00044000 08:08 1049614    /lib/i386-linux-gnu/libm-2.19.so
b6598000-b6674000 r-xp 00000000 08:08 2625681    /usr/lib/i386-linux-gnu/libstdc++.so.6.0.19
b6674000-b6678000 r--p 000dc000 08:08 2625681    /usr/lib/i386-linux-gnu/libstdc++.so.6.0.19
b6678000-b6679000 rw-p 000e0000 08:08 2625681    /usr/lib/i386-linux-gnu/libstdc++.so.6.0.19
b6679000-b6680000 rw-p 00000000 00:00 0 
b6680000-b707f000 r-xp 00000000 08:08 2635065    /usr/lib/jvm/java-7-openjdk-i386/jre/lib/i386/server/libjvm.so
b707f000-b70d1000 r--p 009fe000 08:08 2635065    /usr/lib/jvm/java-7-openjdk-i386/jre/lib/i386/server/libjvm.so
b70d1000-b70e5000 rw-p 00a50000 08:08 2635065    /usr/lib/jvm/java-7-openjdk-i386/jre/lib/i386/server/libjvm.so
b70e5000-b7504000 rw-p 00000000 00:00 0 
b7504000-b751c000 r-xp 00000000 08:08 1049727    /lib/i386-linux-gnu/libz.so.1.2.8
b751c000-b751d000 r--p 00017000 08:08 1049727    /lib/i386-linux-gnu/libz.so.1.2.8
b751d000-b751e000 rw-p 00018000 08:08 1049727    /lib/i386-linux-gnu/libz.so.1.2.8
b751e000-b7536000 r-xp 00000000 08:08 1049684    /lib/i386-linux-gnu/libpthread-2.19.so
b7536000-b7537000 r--p 00017000 08:08 1049684    /lib/i386-linux-gnu/libpthread-2.19.so
b7537000-b7538000 rw-p 00018000 08:08 1049684    /lib/i386-linux-gnu/libpthread-2.19.so
b7538000-b753a000 rw-p 00000000 00:00 0 
b753a000-b753d000 r-xp 00000000 08:08 1049581    /lib/i386-linux-gnu/libdl-2.19.so
b753d000-b753e000 r--p 00002000 08:08 1049581    /lib/i386-linux-gnu/libdl-2.19.so
b753e000-b753f000 rw-p 00003000 08:08 1049581    /lib/i386-linux-gnu/libdl-2.19.so
b753f000-b76e8000 r-xp 00000000 08:08 1049564    /lib/i386-linux-gnu/libc-2.19.so
b76e8000-b76ea000 r--p 001a9000 08:08 1049564    /lib/i386-linux-gnu/libc-2.19.so
b76ea000-b76eb000 rw-p 001ab000 08:08 1049564    /lib/i386-linux-gnu/libc-2.19.so
b76eb000-b76ef000 rw-p 00000000 00:00 0 
b76f0000-b76f1000 r--s 00002000 08:08 2635056    /usr/lib/jvm/java-7-openjdk-i386/jre/lib/ext/dnsns.jar
b76f1000-b76f5000 r--s 00085000 08:08 2635058    /usr/lib/jvm/java-7-openjdk-i386/jre/lib/ext/localedata.jar
b76f5000-b76f6000 r--p 00850000 08:08 2630260    /usr/lib/locale/locale-archive
b76f6000-b76f7000 rw-p 00000000 00:00 0 
b76f7000-b76f8000 r--p 00000000 00:00 0 
b76f8000-b7706000 r-xp 00000000 08:08 2635092    /usr/lib/jvm/java-7-openjdk-i386/jre/lib/i386/libverify.so
b7706000-b7707000 r--p 0000d000 08:08 2635092    /usr/lib/jvm/java-7-openjdk-i386/jre/lib/i386/libverify.so
b7707000-b7708000 rw-p 0000e000 08:08 2635092    /usr/lib/jvm/java-7-openjdk-i386/jre/lib/i386/libverify.so
b7708000-b7714000 r-xp 00000000 08:08 2635096    /usr/lib/jvm/java-7-openjdk-i386/jre/lib/i386/jli/libjli.so
b7714000-b7715000 r--p 0000c000 08:08 2635096    /usr/lib/jvm/java-7-openjdk-i386/jre/lib/i386/jli/libjli.so
b7715000-b7716000 rw-p 0000d000 08:08 2635096    /usr/lib/jvm/java-7-openjdk-i386/jre/lib/i386/jli/libjli.so
b7716000-b7718000 rw-p 00000000 00:00 0 
b7718000-b7719000 r-xp 00000000 00:00 0          [vdso]
b7719000-b7739000 r-xp 00000000 08:08 1049540    /lib/i386-linux-gnu/ld-2.19.so
b7739000-b773a000 r--p 0001f000 08:08 1049540    /lib/i386-linux-gnu/ld-2.19.so
b773a000-b773b000 rw-p 00020000 08:08 1049540    /lib/i386-linux-gnu/ld-2.19.so
bf8e8000-bf8e9000 rwxp 00000000 00:00 0 
bf91b000-bf93c000 rw-p 00000000 00:00 0          [stack]

VM Arguments:
jvm_args: -Dapplication.home=/usr/lib/jvm/java-7-openjdk-i386 -Xms8m 
java_command: sun.applet.Main AdmissionDetails.html
Launcher Type: SUN_STANDARD

Environment Variables:
PATH=/usr/local/sbin:/usr/local/bin:/usr/sbin:/usr/bin:/sbin:/bin:/usr/games:/usr/local/games
SHELL=/bin/bash
DISPLAY=:0

Signal Handlers:
SIGSEGV: [libjvm.so+0x81a360], sa_mask[0]=0x7ffbfeff, sa_flags=0x10000004
SIGBUS: [libjvm.so+0x81a360], sa_mask[0]=0x7ffbfeff, sa_flags=0x10000004
SIGFPE: [libjvm.so+0x68eb40], sa_mask[0]=0x7ffbfeff, sa_flags=0x10000004
SIGPIPE: [libjvm.so+0x68eb40], sa_mask[0]=0x7ffbfeff, sa_flags=0x10000004
SIGXFSZ: [libjvm.so+0x68eb40], sa_mask[0]=0x7ffbfeff, sa_flags=0x10000004
SIGILL: [libjvm.so+0x68eb40], sa_mask[0]=0x7ffbfeff, sa_flags=0x10000004
SIGUSR1: SIG_DFL, sa_mask[0]=0x00000000, sa_flags=0x00000000
SIGUSR2: [libjvm.so+0x68eca0], sa_mask[0]=0x00000000, sa_flags=0x10000004
SIGHUP: [libjvm.so+0x68ec00], sa_mask[0]=0x7ffbfeff, sa_flags=0x10000004
SIGINT: [libjvm.so+0x68ec00], sa_mask[0]=0x7ffbfeff, sa_flags=0x10000004
SIGTERM: [libjvm.so+0x68ec00], sa_mask[0]=0x7ffbfeff, sa_flags=0x10000004
SIGQUIT: [libjvm.so+0x68ec00], sa_mask[0]=0x7ffbfeff, sa_flags=0x10000004
SIGTRAP: SIG_DFL, sa_mask[0]=0x00000000, sa_flags=0x00000000


---------------  S Y S T E M  ---------------

OS:Ubuntu 14.04 (trusty)
uname:Linux 3.13.0-24-generic #46-Ubuntu SMP Thu Apr 10 19:08:14 UTC 2014 i686
libc:glibc 2.19 NPTL 2.19 
rlimit: STACK 8192k, CORE 0k, NPROC 15897, NOFILE 4096, AS infinity
load average:0.46 0.31 0.24

/proc/meminfo:
MemTotal:        2054768 kB
MemFree:          886492 kB
Buffers:           42992 kB
Cached:           525500 kB
SwapCached:        14436 kB
Active:           627476 kB
Inactive:         459036 kB
Active(anon):     404164 kB
Inactive(anon):   240816 kB
Active(file):     223312 kB
Inactive(file):   218220 kB
Unevictable:           0 kB
Mlocked:               0 kB
HighTotal:       1174216 kB
HighFree:         510336 kB
LowTotal:         880552 kB
LowFree:          376156 kB
SwapTotal:       5979128 kB
SwapFree:        5952164 kB
Dirty:              1972 kB
Writeback:             0 kB
AnonPages:        503508 kB
Mapped:            88212 kB
Shmem:            127032 kB
Slab:              49324 kB
SReclaimable:      29868 kB
SUnreclaim:        19456 kB
KernelStack:        4312 kB
PageTables:         6068 kB
NFS_Unstable:          0 kB
Bounce:                0 kB
WritebackTmp:          0 kB
CommitLimit:     7006512 kB
Committed_AS:    2625288 kB
VmallocTotal:     122880 kB
VmallocUsed:       14348 kB
VmallocChunk:     104388 kB
HardwareCorrupted:     0 kB
AnonHugePages:    282624 kB
HugePages_Total:       0
HugePages_Free:        0
HugePages_Rsvd:        0
HugePages_Surp:        0
Hugepagesize:       2048 kB
DirectMap4k:       32760 kB
DirectMap2M:      880640 kB


CPU:total 4 (4 cores per cpu, 1 threads per core) family 6 model 23 stepping 10, cmov, cx8, fxsr, mmx, sse, sse2, sse3, ssse3, sse4.1, tsc

/proc/cpuinfo:
processor	: 0
vendor_id	: GenuineIntel
cpu family	: 6
model		: 23
model name	: Intel(R) Core(TM)2 Quad CPU    Q8200  @ 2.33GHz
stepping	: 10
microcode	: 0xa07
cpu MHz		: 2003.000
cache size	: 2048 KB
physical id	: 0
siblings	: 4
core id		: 0
cpu cores	: 4
apicid		: 0
initial apicid	: 0
fdiv_bug	: no
f00f_bug	: no
coma_bug	: no
fpu		: yes
fpu_exception	: yes
cpuid level	: 13
wp		: yes
flags		: fpu vme de pse tsc msr pae mce cx8 apic sep mtrr pge mca cmov pat pse36 clflush dts acpi mmx fxsr sse sse2 ss ht tm pbe nx lm constant_tsc arch_perfmon pebs bts aperfmperf pni dtes64 monitor ds_cpl est tm2 ssse3 cx16 xtpr pdcm sse4_1 xsave lahf_lm dtherm
bogomips	: 4655.31
clflush size	: 64
cache_alignment	: 64
address sizes	: 36 bits physical, 48 bits virtual
power management:

processor	: 1
vendor_id	: GenuineIntel
cpu family	: 6
model		: 23
model name	: Intel(R) Core(TM)2 Quad CPU    Q8200  @ 2.33GHz
stepping	: 10
microcode	: 0xa07
cpu MHz		: 2336.000
cache size	: 2048 KB
physical id	: 0
siblings	: 4
core id		: 1
cpu cores	: 4
apicid		: 1
initial apicid	: 1
fdiv_bug	: no
f00f_bug	: no
coma_bug	: no
fpu		: yes
fpu_exception	: yes
cpuid level	: 13
wp		: yes
flags		: fpu vme de pse tsc msr pae mce cx8 apic sep mtrr pge mca cmov pat pse36 clflush dts acpi mmx fxsr sse sse2 ss ht tm pbe nx lm constant_tsc arch_perfmon pebs bts aperfmperf pni dtes64 monitor ds_cpl est tm2 ssse3 cx16 xtpr pdcm sse4_1 xsave lahf_lm dtherm
bogomips	: 4655.31
clflush size	: 64
cache_alignment	: 64
address sizes	: 36 bits physical, 48 bits virtual
power management:

processor	: 2
vendor_id	: GenuineIntel
cpu family	: 6
model		: 23
model name	: Intel(R) Core(TM)2 Quad CPU    Q8200  @ 2.33GHz
stepping	: 10
microcode	: 0xa07
cpu MHz		: 2336.000
cache size	: 2048 KB
physical id	: 0
siblings	: 4
core id		: 2
cpu cores	: 4
apicid		: 2
initial apicid	: 2
fdiv_bug	: no
f00f_bug	: no
coma_bug	: no
fpu		: yes
fpu_exception	: yes
cpuid level	: 13
wp		: yes
flags		: fpu vme de pse tsc msr pae mce cx8 apic sep mtrr pge mca cmov pat pse36 clflush dts acpi mmx fxsr sse sse2 ss ht tm pbe nx lm constant_tsc arch_perfmon pebs bts aperfmperf pni dtes64 monitor ds_cpl est tm2 ssse3 cx16 xtpr pdcm sse4_1 xsave lahf_lm dtherm
bogomips	: 4655.31
clflush size	: 64
cache_alignment	: 64
address sizes	: 36 bits physical, 48 bits virtual
power management:

processor	: 3
vendor_id	: GenuineIntel
cpu family	: 6
model		: 23
model name	: Intel(R) Core(TM)2 Quad CPU    Q8200  @ 2.33GHz
stepping	: 10
microcode	: 0xa07
cpu MHz		: 2003.000
cache size	: 2048 KB
physical id	: 0
siblings	: 4
core id		: 3
cpu cores	: 4
apicid		: 3
initial apicid	: 3
fdiv_bug	: no
f00f_bug	: no
coma_bug	: no
fpu		: yes
fpu_exception	: yes
cpuid level	: 13
wp		: yes
flags		: fpu vme de pse tsc msr pae mce cx8 apic sep mtrr pge mca cmov pat pse36 clflush dts acpi mmx fxsr sse sse2 ss ht tm pbe nx lm constant_tsc arch_perfmon pebs bts aperfmperf pni dtes64 monitor ds_cpl est tm2 ssse3 cx16 xtpr pdcm sse4_1 xsave lahf_lm dtherm
bogomips	: 4655.31
clflush size	: 64
cache_alignment	: 64
address sizes	: 36 bits physical, 48 bits virtual
power management:



Memory: 4k page, physical 2054768k(886492k free), swap 5979128k(5952164k free)

vm_info: OpenJDK Server VM (24.121-b00) for linux-x86 JRE (1.7.0_121-b00), built on Nov 16 2016 00:46:53 by "buildd" with gcc 4.8.4

time: Mon Jul 17 14:32:28 2017
elapsed time: 1441 seconds

